{"C:\\Users\\srija\\OneDrive\\Desktop\\nsfw-extension\\content\\blurManager.js": {"path":"C:\\Users\\srija\\OneDrive\\Desktop\\nsfw-extension\\content\\blurManager.js","statementMap":{"0":{"start":{"line":3,"column":19},"end":{"line":3,"column":30}},"1":{"start":{"line":8,"column":8},"end":{"line":8,"column":38}},"2":{"start":{"line":12,"column":8},"end":{"line":12,"column":42}},"3":{"start":{"line":12,"column":35},"end":{"line":12,"column":42}},"4":{"start":{"line":13,"column":8},"end":{"line":13,"column":30}},"5":{"start":{"line":14,"column":8},"end":{"line":14,"column":37}},"6":{"start":{"line":15,"column":23},"end":{"line":15,"column":39}},"7":{"start":{"line":16,"column":8},"end":{"line":18,"column":9}},"8":{"start":{"line":17,"column":12},"end":{"line":17,"column":47}},"9":{"start":{"line":22,"column":8},"end":{"line":22,"column":40}},"10":{"start":{"line":26,"column":8},"end":{"line":26,"column":49}},"11":{"start":{"line":29,"column":24},"end":{"line":29,"column":69}},"12":{"start":{"line":29,"column":47},"end":{"line":29,"column":67}},"13":{"start":{"line":30,"column":26},"end":{"line":30,"column":73}},"14":{"start":{"line":30,"column":49},"end":{"line":30,"column":71}},"15":{"start":{"line":31,"column":25},"end":{"line":31,"column":54}},"16":{"start":{"line":34,"column":0},"end":{"line":38,"column":1}},"17":{"start":{"line":35,"column":4},"end":{"line":35,"column":49}},"18":{"start":{"line":37,"column":4},"end":{"line":37,"column":37}}},"fnMap":{"0":{"name":"(anonymous_0)","decl":{"start":{"line":7,"column":4},"end":{"line":7,"column":5}},"loc":{"start":{"line":7,"column":18},"end":{"line":9,"column":5}},"line":7},"1":{"name":"(anonymous_1)","decl":{"start":{"line":11,"column":4},"end":{"line":11,"column":5}},"loc":{"start":{"line":11,"column":20},"end":{"line":19,"column":5}},"line":11},"2":{"name":"(anonymous_2)","decl":{"start":{"line":21,"column":4},"end":{"line":21,"column":5}},"loc":{"start":{"line":21,"column":22},"end":{"line":23,"column":5}},"line":21},"3":{"name":"(anonymous_3)","decl":{"start":{"line":25,"column":4},"end":{"line":25,"column":5}},"loc":{"start":{"line":25,"column":18},"end":{"line":27,"column":5}},"line":25},"4":{"name":"(anonymous_4)","decl":{"start":{"line":29,"column":4},"end":{"line":29,"column":5}},"loc":{"start":{"line":29,"column":22},"end":{"line":29,"column":71}},"line":29},"5":{"name":"(anonymous_5)","decl":{"start":{"line":29,"column":41},"end":{"line":29,"column":42}},"loc":{"start":{"line":29,"column":47},"end":{"line":29,"column":67}},"line":29},"6":{"name":"(anonymous_6)","decl":{"start":{"line":30,"column":4},"end":{"line":30,"column":5}},"loc":{"start":{"line":30,"column":24},"end":{"line":30,"column":75}},"line":30},"7":{"name":"(anonymous_7)","decl":{"start":{"line":30,"column":43},"end":{"line":30,"column":44}},"loc":{"start":{"line":30,"column":49},"end":{"line":30,"column":71}},"line":30},"8":{"name":"(anonymous_8)","decl":{"start":{"line":31,"column":4},"end":{"line":31,"column":5}},"loc":{"start":{"line":31,"column":23},"end":{"line":31,"column":56}},"line":31}},"branchMap":{"0":{"loc":{"start":{"line":12,"column":8},"end":{"line":12,"column":42}},"type":"if","locations":[{"start":{"line":12,"column":8},"end":{"line":12,"column":42}},{"start":{},"end":{}}],"line":12},"1":{"loc":{"start":{"line":16,"column":8},"end":{"line":18,"column":9}},"type":"if","locations":[{"start":{"line":16,"column":8},"end":{"line":18,"column":9}},{"start":{},"end":{}}],"line":16},"2":{"loc":{"start":{"line":16,"column":12},"end":{"line":16,"column":68}},"type":"binary-expr","locations":[{"start":{"line":16,"column":12},"end":{"line":16,"column":18}},{"start":{"line":16,"column":22},"end":{"line":16,"column":68}}],"line":16},"3":{"loc":{"start":{"line":34,"column":0},"end":{"line":38,"column":1}},"type":"if","locations":[{"start":{"line":34,"column":0},"end":{"line":38,"column":1}},{"start":{"line":36,"column":7},"end":{"line":38,"column":1}}],"line":34},"4":{"loc":{"start":{"line":34,"column":4},"end":{"line":34,"column":51}},"type":"binary-expr","locations":[{"start":{"line":34,"column":4},"end":{"line":34,"column":33}},{"start":{"line":34,"column":37},"end":{"line":34,"column":51}}],"line":34}},"s":{"0":1,"1":2,"2":3,"3":1,"4":2,"5":2,"6":2,"7":2,"8":0,"9":0,"10":0,"11":0,"12":0,"13":0,"14":0,"15":0,"16":1,"17":1,"18":0},"f":{"0":2,"1":3,"2":0,"3":0,"4":0,"5":0,"6":0,"7":0,"8":0},"b":{"0":[1,2],"1":[0,2],"2":[2,0],"3":[1,0],"4":[1,1]},"_coverageSchema":"1a1c01bbd47fc00a2c39e90264f33305004495a9","hash":"ceefb702e2c24a7da302c0b69a128d8d2bb2aa6d"}
,"C:\\Users\\srija\\OneDrive\\Desktop\\nsfw-extension\\content\\content.js": {"path":"C:\\Users\\srija\\OneDrive\\Desktop\\nsfw-extension\\content\\content.js","statementMap":{"0":{"start":{"line":3,"column":28},"end":{"line":3,"column":49}},"1":{"start":{"line":4,"column":32},"end":{"line":4,"column":57}},"2":{"start":{"line":5,"column":25},"end":{"line":5,"column":44}},"3":{"start":{"line":6,"column":25},"end":{"line":6,"column":44}},"4":{"start":{"line":8,"column":16},"end":{"line":8,"column":20}},"5":{"start":{"line":9,"column":19},"end":{"line":9,"column":24}},"6":{"start":{"line":10,"column":22},"end":{"line":10,"column":35}},"7":{"start":{"line":12,"column":16},"end":{"line":12,"column":40}},"8":{"start":{"line":13,"column":19},"end":{"line":13,"column":46}},"9":{"start":{"line":14,"column":12},"end":{"line":14,"column":38}},"10":{"start":{"line":18,"column":19},"end":{"line":18,"column":44}},"11":{"start":{"line":19,"column":4},"end":{"line":19,"column":39}},"12":{"start":{"line":20,"column":4},"end":{"line":20,"column":96}},"13":{"start":{"line":20,"column":29},"end":{"line":20,"column":96}},"14":{"start":{"line":21,"column":4},"end":{"line":21,"column":27}},"15":{"start":{"line":21,"column":20},"end":{"line":21,"column":27}},"16":{"start":{"line":22,"column":4},"end":{"line":22,"column":78}},"17":{"start":{"line":22,"column":29},"end":{"line":22,"column":78}},"18":{"start":{"line":23,"column":23},"end":{"line":23,"column":64}},"19":{"start":{"line":24,"column":4},"end":{"line":24,"column":25}},"20":{"start":{"line":25,"column":4},"end":{"line":25,"column":52}},"21":{"start":{"line":30,"column":4},"end":{"line":30,"column":27}},"22":{"start":{"line":30,"column":20},"end":{"line":30,"column":27}},"23":{"start":{"line":31,"column":4},"end":{"line":34,"column":5}},"24":{"start":{"line":32,"column":8},"end":{"line":33,"column":58}},"25":{"start":{"line":32,"column":34},"end":{"line":32,"column":57}},"26":{"start":{"line":33,"column":13},"end":{"line":33,"column":58}},"27":{"start":{"line":33,"column":41},"end":{"line":33,"column":58}},"28":{"start":{"line":39,"column":16},"end":{"line":39,"column":46}},"29":{"start":{"line":40,"column":4},"end":{"line":40,"column":21}},"30":{"start":{"line":40,"column":14},"end":{"line":40,"column":21}},"31":{"start":{"line":41,"column":18},"end":{"line":41,"column":47}},"32":{"start":{"line":42,"column":4},"end":{"line":46,"column":5}},"33":{"start":{"line":43,"column":23},"end":{"line":43,"column":37}},"34":{"start":{"line":44,"column":8},"end":{"line":44,"column":59}},"35":{"start":{"line":44,"column":27},"end":{"line":44,"column":59}},"36":{"start":{"line":45,"column":8},"end":{"line":45,"column":15}},"37":{"start":{"line":47,"column":22},"end":{"line":47,"column":68}},"38":{"start":{"line":48,"column":4},"end":{"line":48,"column":27}},"39":{"start":{"line":48,"column":20},"end":{"line":48,"column":27}},"40":{"start":{"line":49,"column":4},"end":{"line":49,"column":20}},"41":{"start":{"line":50,"column":4},"end":{"line":50,"column":18}},"42":{"start":{"line":51,"column":4},"end":{"line":59,"column":21}},"43":{"start":{"line":52,"column":23},"end":{"line":52,"column":70}},"44":{"start":{"line":53,"column":8},"end":{"line":53,"column":42}},"45":{"start":{"line":53,"column":19},"end":{"line":53,"column":42}},"46":{"start":{"line":54,"column":8},"end":{"line":58,"column":9}},"47":{"start":{"line":55,"column":12},"end":{"line":55,"column":28}},"48":{"start":{"line":56,"column":12},"end":{"line":56,"column":26}},"49":{"start":{"line":57,"column":12},"end":{"line":57,"column":44}},"50":{"start":{"line":64,"column":4},"end":{"line":64,"column":43}},"51":{"start":{"line":64,"column":36},"end":{"line":64,"column":43}},"52":{"start":{"line":65,"column":17},"end":{"line":77,"column":12}},"53":{"start":{"line":66,"column":8},"end":{"line":66,"column":31}},"54":{"start":{"line":66,"column":24},"end":{"line":66,"column":31}},"55":{"start":{"line":67,"column":8},"end":{"line":67,"column":24}},"56":{"start":{"line":68,"column":8},"end":{"line":68,"column":22}},"57":{"start":{"line":69,"column":8},"end":{"line":76,"column":25}},"58":{"start":{"line":70,"column":27},"end":{"line":70,"column":74}},"59":{"start":{"line":71,"column":12},"end":{"line":75,"column":13}},"60":{"start":{"line":72,"column":16},"end":{"line":72,"column":32}},"61":{"start":{"line":73,"column":16},"end":{"line":73,"column":30}},"62":{"start":{"line":74,"column":16},"end":{"line":74,"column":50}},"63":{"start":{"line":78,"column":4},"end":{"line":78,"column":47}},"64":{"start":{"line":78,"column":14},"end":{"line":78,"column":47}},"65":{"start":{"line":83,"column":4},"end":{"line":83,"column":28}},"66":{"start":{"line":84,"column":4},"end":{"line":87,"column":5}},"67":{"start":{"line":85,"column":8},"end":{"line":85,"column":28}},"68":{"start":{"line":86,"column":8},"end":{"line":86,"column":32}},"69":{"start":{"line":92,"column":4},"end":{"line":92,"column":108}},"70":{"start":{"line":92,"column":30},"end":{"line":92,"column":106}},"71":{"start":{"line":96,"column":4},"end":{"line":96,"column":123}},"72":{"start":{"line":100,"column":4},"end":{"line":106,"column":5}},"73":{"start":{"line":101,"column":8},"end":{"line":101,"column":30}},"74":{"start":{"line":102,"column":8},"end":{"line":105,"column":9}},"75":{"start":{"line":103,"column":12},"end":{"line":103,"column":93}},"76":{"start":{"line":103,"column":66},"end":{"line":103,"column":91}},"77":{"start":{"line":104,"column":12},"end":{"line":104,"column":61}},"78":{"start":{"line":104,"column":40},"end":{"line":104,"column":61}},"79":{"start":{"line":107,"column":4},"end":{"line":107,"column":89}},"80":{"start":{"line":107,"column":42},"end":{"line":107,"column":89}},"81":{"start":{"line":108,"column":4},"end":{"line":108,"column":94}},"82":{"start":{"line":108,"column":36},"end":{"line":108,"column":94}},"83":{"start":{"line":111,"column":0},"end":{"line":112,"column":12}},"84":{"start":{"line":111,"column":39},"end":{"line":111,"column":91}},"85":{"start":{"line":112,"column":5},"end":{"line":112,"column":12}}},"fnMap":{"0":{"name":"init","decl":{"start":{"line":17,"column":15},"end":{"line":17,"column":19}},"loc":{"start":{"line":17,"column":22},"end":{"line":26,"column":1}},"line":17},"1":{"name":"(anonymous_1)","decl":{"start":{"line":22,"column":67},"end":{"line":22,"column":68}},"loc":{"start":{"line":22,"column":73},"end":{"line":22,"column":76}},"line":22},"2":{"name":"handleElementBatch","decl":{"start":{"line":29,"column":15},"end":{"line":29,"column":33}},"loc":{"start":{"line":29,"column":44},"end":{"line":35,"column":1}},"line":29},"3":{"name":"processImage","decl":{"start":{"line":38,"column":15},"end":{"line":38,"column":27}},"loc":{"start":{"line":38,"column":35},"end":{"line":60,"column":1}},"line":38},"4":{"name":"processVideo","decl":{"start":{"line":63,"column":9},"end":{"line":63,"column":21}},"loc":{"start":{"line":63,"column":31},"end":{"line":79,"column":1}},"line":63},"5":{"name":"(anonymous_5)","decl":{"start":{"line":65,"column":60},"end":{"line":65,"column":61}},"loc":{"start":{"line":65,"column":81},"end":{"line":77,"column":5}},"line":65},"6":{"name":"applyNSFW","decl":{"start":{"line":82,"column":9},"end":{"line":82,"column":18}},"loc":{"start":{"line":82,"column":31},"end":{"line":88,"column":1}},"line":82},"7":{"name":"getStoredSettings","decl":{"start":{"line":91,"column":9},"end":{"line":91,"column":26}},"loc":{"start":{"line":91,"column":29},"end":{"line":93,"column":1}},"line":91},"8":{"name":"(anonymous_8)","decl":{"start":{"line":92,"column":23},"end":{"line":92,"column":24}},"loc":{"start":{"line":92,"column":30},"end":{"line":92,"column":106}},"line":92},"9":{"name":"updateStats","decl":{"start":{"line":95,"column":9},"end":{"line":95,"column":20}},"loc":{"start":{"line":95,"column":23},"end":{"line":97,"column":1}},"line":95},"10":{"name":"(anonymous_10)","decl":{"start":{"line":96,"column":112},"end":{"line":96,"column":113}},"loc":{"start":{"line":96,"column":118},"end":{"line":96,"column":121}},"line":96},"11":{"name":"onMessage","decl":{"start":{"line":99,"column":9},"end":{"line":99,"column":18}},"loc":{"start":{"line":99,"column":24},"end":{"line":109,"column":1}},"line":99},"12":{"name":"(anonymous_12)","decl":{"start":{"line":103,"column":60},"end":{"line":103,"column":61}},"loc":{"start":{"line":103,"column":66},"end":{"line":103,"column":91}},"line":103}},"branchMap":{"0":{"loc":{"start":{"line":19,"column":16},"end":{"line":19,"column":38}},"type":"binary-expr","locations":[{"start":{"line":19,"column":16},"end":{"line":19,"column":30}},{"start":{"line":19,"column":34},"end":{"line":19,"column":38}}],"line":19},"1":{"loc":{"start":{"line":20,"column":4},"end":{"line":20,"column":96}},"type":"if","locations":[{"start":{"line":20,"column":4},"end":{"line":20,"column":96}},{"start":{},"end":{}}],"line":20},"2":{"loc":{"start":{"line":20,"column":64},"end":{"line":20,"column":94}},"type":"binary-expr","locations":[{"start":{"line":20,"column":64},"end":{"line":20,"column":82}},{"start":{"line":20,"column":86},"end":{"line":20,"column":94}}],"line":20},"3":{"loc":{"start":{"line":21,"column":4},"end":{"line":21,"column":27}},"type":"if","locations":[{"start":{"line":21,"column":4},"end":{"line":21,"column":27}},{"start":{},"end":{}}],"line":21},"4":{"loc":{"start":{"line":22,"column":4},"end":{"line":22,"column":78}},"type":"if","locations":[{"start":{"line":22,"column":4},"end":{"line":22,"column":78}},{"start":{},"end":{}}],"line":22},"5":{"loc":{"start":{"line":30,"column":4},"end":{"line":30,"column":27}},"type":"if","locations":[{"start":{"line":30,"column":4},"end":{"line":30,"column":27}},{"start":{},"end":{}}],"line":30},"6":{"loc":{"start":{"line":32,"column":8},"end":{"line":33,"column":58}},"type":"if","locations":[{"start":{"line":32,"column":8},"end":{"line":33,"column":58}},{"start":{"line":33,"column":13},"end":{"line":33,"column":58}}],"line":32},"7":{"loc":{"start":{"line":33,"column":13},"end":{"line":33,"column":58}},"type":"if","locations":[{"start":{"line":33,"column":13},"end":{"line":33,"column":58}},{"start":{},"end":{}}],"line":33},"8":{"loc":{"start":{"line":39,"column":16},"end":{"line":39,"column":46}},"type":"binary-expr","locations":[{"start":{"line":39,"column":16},"end":{"line":39,"column":25}},{"start":{"line":39,"column":29},"end":{"line":39,"column":46}}],"line":39},"9":{"loc":{"start":{"line":40,"column":4},"end":{"line":40,"column":21}},"type":"if","locations":[{"start":{"line":40,"column":4},"end":{"line":40,"column":21}},{"start":{},"end":{}}],"line":40},"10":{"loc":{"start":{"line":42,"column":4},"end":{"line":46,"column":5}},"type":"if","locations":[{"start":{"line":42,"column":4},"end":{"line":46,"column":5}},{"start":{},"end":{}}],"line":42},"11":{"loc":{"start":{"line":44,"column":8},"end":{"line":44,"column":59}},"type":"if","locations":[{"start":{"line":44,"column":8},"end":{"line":44,"column":59}},{"start":{},"end":{}}],"line":44},"12":{"loc":{"start":{"line":48,"column":4},"end":{"line":48,"column":27}},"type":"if","locations":[{"start":{"line":48,"column":4},"end":{"line":48,"column":27}},{"start":{},"end":{}}],"line":48},"13":{"loc":{"start":{"line":53,"column":8},"end":{"line":53,"column":42}},"type":"if","locations":[{"start":{"line":53,"column":8},"end":{"line":53,"column":42}},{"start":{},"end":{}}],"line":53},"14":{"loc":{"start":{"line":54,"column":8},"end":{"line":58,"column":9}},"type":"if","locations":[{"start":{"line":54,"column":8},"end":{"line":58,"column":9}},{"start":{},"end":{}}],"line":54},"15":{"loc":{"start":{"line":64,"column":4},"end":{"line":64,"column":43}},"type":"if","locations":[{"start":{"line":64,"column":4},"end":{"line":64,"column":43}},{"start":{},"end":{}}],"line":64},"16":{"loc":{"start":{"line":66,"column":8},"end":{"line":66,"column":31}},"type":"if","locations":[{"start":{"line":66,"column":8},"end":{"line":66,"column":31}},{"start":{},"end":{}}],"line":66},"17":{"loc":{"start":{"line":71,"column":12},"end":{"line":75,"column":13}},"type":"if","locations":[{"start":{"line":71,"column":12},"end":{"line":75,"column":13}},{"start":{},"end":{}}],"line":71},"18":{"loc":{"start":{"line":78,"column":4},"end":{"line":78,"column":47}},"type":"if","locations":[{"start":{"line":78,"column":4},"end":{"line":78,"column":47}},{"start":{},"end":{}}],"line":78},"19":{"loc":{"start":{"line":84,"column":4},"end":{"line":87,"column":5}},"type":"if","locations":[{"start":{"line":84,"column":4},"end":{"line":87,"column":5}},{"start":{},"end":{}}],"line":84},"20":{"loc":{"start":{"line":100,"column":4},"end":{"line":106,"column":5}},"type":"if","locations":[{"start":{"line":100,"column":4},"end":{"line":106,"column":5}},{"start":{},"end":{}}],"line":100},"21":{"loc":{"start":{"line":102,"column":8},"end":{"line":105,"column":9}},"type":"if","locations":[{"start":{"line":102,"column":8},"end":{"line":105,"column":9}},{"start":{},"end":{}}],"line":102},"22":{"loc":{"start":{"line":104,"column":12},"end":{"line":104,"column":61}},"type":"if","locations":[{"start":{"line":104,"column":12},"end":{"line":104,"column":61}},{"start":{},"end":{}}],"line":104},"23":{"loc":{"start":{"line":107,"column":4},"end":{"line":107,"column":89}},"type":"if","locations":[{"start":{"line":107,"column":4},"end":{"line":107,"column":89}},{"start":{},"end":{}}],"line":107},"24":{"loc":{"start":{"line":108,"column":4},"end":{"line":108,"column":94}},"type":"if","locations":[{"start":{"line":108,"column":4},"end":{"line":108,"column":94}},{"start":{},"end":{}}],"line":108},"25":{"loc":{"start":{"line":111,"column":0},"end":{"line":112,"column":12}},"type":"if","locations":[{"start":{"line":111,"column":0},"end":{"line":112,"column":12}},{"start":{"line":112,"column":5},"end":{"line":112,"column":12}}],"line":111}},"s":{"0":0,"1":0,"2":0,"3":0,"4":0,"5":0,"6":0,"7":0,"8":0,"9":0,"10":0,"11":0,"12":0,"13":0,"14":0,"15":0,"16":0,"17":0,"18":0,"19":0,"20":0,"21":0,"22":0,"23":0,"24":0,"25":0,"26":0,"27":0,"28":0,"29":0,"30":0,"31":0,"32":0,"33":0,"34":0,"35":0,"36":0,"37":0,"38":0,"39":0,"40":0,"41":0,"42":0,"43":0,"44":0,"45":0,"46":0,"47":0,"48":0,"49":0,"50":0,"51":0,"52":0,"53":0,"54":0,"55":0,"56":0,"57":0,"58":0,"59":0,"60":0,"61":0,"62":0,"63":0,"64":0,"65":0,"66":0,"67":0,"68":0,"69":0,"70":0,"71":0,"72":0,"73":0,"74":0,"75":0,"76":0,"77":0,"78":0,"79":0,"80":0,"81":0,"82":0,"83":0,"84":0,"85":0},"f":{"0":0,"1":0,"2":0,"3":0,"4":0,"5":0,"6":0,"7":0,"8":0,"9":0,"10":0,"11":0,"12":0},"b":{"0":[0,0],"1":[0,0],"2":[0,0],"3":[0,0],"4":[0,0],"5":[0,0],"6":[0,0],"7":[0,0],"8":[0,0],"9":[0,0],"10":[0,0],"11":[0,0],"12":[0,0],"13":[0,0],"14":[0,0],"15":[0,0],"16":[0,0],"17":[0,0],"18":[0,0],"19":[0,0],"20":[0,0],"21":[0,0],"22":[0,0],"23":[0,0],"24":[0,0],"25":[0,0]}}
,"C:\\Users\\srija\\OneDrive\\Desktop\\nsfw-extension\\content\\domMonitor.js": {"path":"C:\\Users\\srija\\OneDrive\\Desktop\\nsfw-extension\\content\\domMonitor.js","statementMap":{"0":{"start":{"line":3,"column":20},"end":{"line":3,"column":23}},"1":{"start":{"line":8,"column":8},"end":{"line":8,"column":38}},"2":{"start":{"line":9,"column":8},"end":{"line":9,"column":42}},"3":{"start":{"line":10,"column":8},"end":{"line":10,"column":35}},"4":{"start":{"line":11,"column":8},"end":{"line":11,"column":38}},"5":{"start":{"line":12,"column":8},"end":{"line":12,"column":42}},"6":{"start":{"line":13,"column":8},"end":{"line":13,"column":40}},"7":{"start":{"line":17,"column":8},"end":{"line":17,"column":42}},"8":{"start":{"line":18,"column":8},"end":{"line":18,"column":38}},"9":{"start":{"line":19,"column":8},"end":{"line":19,"column":29}},"10":{"start":{"line":23,"column":8},"end":{"line":23,"column":72}},"11":{"start":{"line":23,"column":36},"end":{"line":23,"column":72}},"12":{"start":{"line":24,"column":8},"end":{"line":24,"column":80}},"13":{"start":{"line":24,"column":40},"end":{"line":24,"column":80}},"14":{"start":{"line":25,"column":8},"end":{"line":25,"column":42}},"15":{"start":{"line":26,"column":8},"end":{"line":26,"column":38}},"16":{"start":{"line":30,"column":8},"end":{"line":30,"column":81}},"17":{"start":{"line":30,"column":62},"end":{"line":30,"column":79}},"18":{"start":{"line":34,"column":8},"end":{"line":42,"column":11}},"19":{"start":{"line":35,"column":12},"end":{"line":41,"column":13}},"20":{"start":{"line":36,"column":16},"end":{"line":40,"column":17}},"21":{"start":{"line":37,"column":20},"end":{"line":37,"column":70}},"22":{"start":{"line":37,"column":61},"end":{"line":37,"column":70}},"23":{"start":{"line":38,"column":20},"end":{"line":38,"column":96}},"24":{"start":{"line":38,"column":76},"end":{"line":38,"column":96}},"25":{"start":{"line":39,"column":20},"end":{"line":39,"column":89}},"26":{"start":{"line":39,"column":70},"end":{"line":39,"column":87}},"27":{"start":{"line":43,"column":8},"end":{"line":43,"column":101}},"28":{"start":{"line":47,"column":8},"end":{"line":54,"column":31}},"29":{"start":{"line":48,"column":12},"end":{"line":53,"column":13}},"30":{"start":{"line":49,"column":16},"end":{"line":52,"column":17}},"31":{"start":{"line":50,"column":20},"end":{"line":50,"column":71}},"32":{"start":{"line":51,"column":20},"end":{"line":51,"column":48}},"33":{"start":{"line":58,"column":8},"end":{"line":58,"column":44}},"34":{"start":{"line":58,"column":37},"end":{"line":58,"column":44}},"35":{"start":{"line":59,"column":8},"end":{"line":62,"column":9}},"36":{"start":{"line":60,"column":12},"end":{"line":60,"column":83}},"37":{"start":{"line":60,"column":44},"end":{"line":60,"column":83}},"38":{"start":{"line":61,"column":12},"end":{"line":61,"column":19}},"39":{"start":{"line":63,"column":8},"end":{"line":63,"column":38}},"40":{"start":{"line":64,"column":8},"end":{"line":64,"column":32}},"41":{"start":{"line":68,"column":8},"end":{"line":68,"column":49}},"42":{"start":{"line":68,"column":42},"end":{"line":68,"column":49}},"43":{"start":{"line":69,"column":8},"end":{"line":72,"column":24}},"44":{"start":{"line":70,"column":12},"end":{"line":70,"column":26}},"45":{"start":{"line":71,"column":12},"end":{"line":71,"column":39}},"46":{"start":{"line":76,"column":8},"end":{"line":76,"column":53}},"47":{"start":{"line":76,"column":46},"end":{"line":76,"column":53}},"48":{"start":{"line":77,"column":22},"end":{"line":77,"column":55}},"49":{"start":{"line":78,"column":8},"end":{"line":78,"column":38}},"50":{"start":{"line":79,"column":8},"end":{"line":79,"column":53}},"51":{"start":{"line":79,"column":28},"end":{"line":79,"column":51}},"52":{"start":{"line":80,"column":8},"end":{"line":80,"column":32}},"53":{"start":{"line":84,"column":21},"end":{"line":84,"column":47}},"54":{"start":{"line":85,"column":8},"end":{"line":85,"column":101}},"55":{"start":{"line":89,"column":0},"end":{"line":93,"column":1}},"56":{"start":{"line":90,"column":4},"end":{"line":90,"column":49}},"57":{"start":{"line":92,"column":4},"end":{"line":92,"column":35}}},"fnMap":{"0":{"name":"(anonymous_0)","decl":{"start":{"line":7,"column":4},"end":{"line":7,"column":5}},"loc":{"start":{"line":7,"column":28},"end":{"line":14,"column":5}},"line":7},"1":{"name":"(anonymous_1)","decl":{"start":{"line":16,"column":4},"end":{"line":16,"column":5}},"loc":{"start":{"line":16,"column":14},"end":{"line":20,"column":5}},"line":16},"2":{"name":"(anonymous_2)","decl":{"start":{"line":22,"column":4},"end":{"line":22,"column":5}},"loc":{"start":{"line":22,"column":17},"end":{"line":27,"column":5}},"line":22},"3":{"name":"(anonymous_3)","decl":{"start":{"line":29,"column":4},"end":{"line":29,"column":5}},"loc":{"start":{"line":29,"column":20},"end":{"line":31,"column":5}},"line":29},"4":{"name":"(anonymous_4)","decl":{"start":{"line":30,"column":56},"end":{"line":30,"column":57}},"loc":{"start":{"line":30,"column":62},"end":{"line":30,"column":79}},"line":30},"5":{"name":"(anonymous_5)","decl":{"start":{"line":33,"column":4},"end":{"line":33,"column":5}},"loc":{"start":{"line":33,"column":29},"end":{"line":44,"column":5}},"line":33},"6":{"name":"(anonymous_6)","decl":{"start":{"line":34,"column":54},"end":{"line":34,"column":55}},"loc":{"start":{"line":34,"column":67},"end":{"line":42,"column":9}},"line":34},"7":{"name":"(anonymous_7)","decl":{"start":{"line":39,"column":64},"end":{"line":39,"column":65}},"loc":{"start":{"line":39,"column":70},"end":{"line":39,"column":87}},"line":39},"8":{"name":"(anonymous_8)","decl":{"start":{"line":46,"column":4},"end":{"line":46,"column":5}},"loc":{"start":{"line":46,"column":33},"end":{"line":55,"column":5}},"line":46},"9":{"name":"(anonymous_9)","decl":{"start":{"line":47,"column":62},"end":{"line":47,"column":63}},"loc":{"start":{"line":47,"column":73},"end":{"line":54,"column":9}},"line":47},"10":{"name":"(anonymous_10)","decl":{"start":{"line":57,"column":4},"end":{"line":57,"column":5}},"loc":{"start":{"line":57,"column":17},"end":{"line":65,"column":5}},"line":57},"11":{"name":"(anonymous_11)","decl":{"start":{"line":67,"column":4},"end":{"line":67,"column":5}},"loc":{"start":{"line":67,"column":23},"end":{"line":73,"column":5}},"line":67},"12":{"name":"(anonymous_12)","decl":{"start":{"line":69,"column":41},"end":{"line":69,"column":42}},"loc":{"start":{"line":69,"column":47},"end":{"line":72,"column":9}},"line":69},"13":{"name":"(anonymous_13)","decl":{"start":{"line":75,"column":4},"end":{"line":75,"column":5}},"loc":{"start":{"line":75,"column":13},"end":{"line":81,"column":5}},"line":75},"14":{"name":"(anonymous_14)","decl":{"start":{"line":79,"column":22},"end":{"line":79,"column":23}},"loc":{"start":{"line":79,"column":28},"end":{"line":79,"column":51}},"line":79},"15":{"name":"(anonymous_15)","decl":{"start":{"line":83,"column":4},"end":{"line":83,"column":5}},"loc":{"start":{"line":83,"column":19},"end":{"line":86,"column":5}},"line":83}},"branchMap":{"0":{"loc":{"start":{"line":23,"column":8},"end":{"line":23,"column":72}},"type":"if","locations":[{"start":{"line":23,"column":8},"end":{"line":23,"column":72}},{"start":{},"end":{}}],"line":23},"1":{"loc":{"start":{"line":24,"column":8},"end":{"line":24,"column":80}},"type":"if","locations":[{"start":{"line":24,"column":8},"end":{"line":24,"column":80}},{"start":{},"end":{}}],"line":24},"2":{"loc":{"start":{"line":37,"column":20},"end":{"line":37,"column":70}},"type":"if","locations":[{"start":{"line":37,"column":20},"end":{"line":37,"column":70}},{"start":{},"end":{}}],"line":37},"3":{"loc":{"start":{"line":38,"column":20},"end":{"line":38,"column":96}},"type":"if","locations":[{"start":{"line":38,"column":20},"end":{"line":38,"column":96}},{"start":{},"end":{}}],"line":38},"4":{"loc":{"start":{"line":38,"column":24},"end":{"line":38,"column":74}},"type":"binary-expr","locations":[{"start":{"line":38,"column":24},"end":{"line":38,"column":46}},{"start":{"line":38,"column":50},"end":{"line":38,"column":74}}],"line":38},"5":{"loc":{"start":{"line":49,"column":16},"end":{"line":52,"column":17}},"type":"if","locations":[{"start":{"line":49,"column":16},"end":{"line":52,"column":17}},{"start":{},"end":{}}],"line":49},"6":{"loc":{"start":{"line":58,"column":8},"end":{"line":58,"column":44}},"type":"if","locations":[{"start":{"line":58,"column":8},"end":{"line":58,"column":44}},{"start":{},"end":{}}],"line":58},"7":{"loc":{"start":{"line":59,"column":8},"end":{"line":62,"column":9}},"type":"if","locations":[{"start":{"line":59,"column":8},"end":{"line":62,"column":9}},{"start":{},"end":{}}],"line":59},"8":{"loc":{"start":{"line":59,"column":12},"end":{"line":59,"column":56}},"type":"binary-expr","locations":[{"start":{"line":59,"column":12},"end":{"line":59,"column":32}},{"start":{"line":59,"column":36},"end":{"line":59,"column":56}}],"line":59},"9":{"loc":{"start":{"line":60,"column":12},"end":{"line":60,"column":83}},"type":"if","locations":[{"start":{"line":60,"column":12},"end":{"line":60,"column":83}},{"start":{},"end":{}}],"line":60},"10":{"loc":{"start":{"line":68,"column":8},"end":{"line":68,"column":49}},"type":"if","locations":[{"start":{"line":68,"column":8},"end":{"line":68,"column":49}},{"start":{},"end":{}}],"line":68},"11":{"loc":{"start":{"line":76,"column":8},"end":{"line":76,"column":53}},"type":"if","locations":[{"start":{"line":76,"column":8},"end":{"line":76,"column":53}},{"start":{},"end":{}}],"line":76},"12":{"loc":{"start":{"line":85,"column":15},"end":{"line":85,"column":100}},"type":"binary-expr","locations":[{"start":{"line":85,"column":15},"end":{"line":85,"column":29}},{"start":{"line":85,"column":33},"end":{"line":85,"column":48}},{"start":{"line":85,"column":52},"end":{"line":85,"column":81}},{"start":{"line":85,"column":85},"end":{"line":85,"column":100}}],"line":85},"13":{"loc":{"start":{"line":89,"column":0},"end":{"line":93,"column":1}},"type":"if","locations":[{"start":{"line":89,"column":0},"end":{"line":93,"column":1}},{"start":{"line":91,"column":7},"end":{"line":93,"column":1}}],"line":89},"14":{"loc":{"start":{"line":89,"column":4},"end":{"line":89,"column":51}},"type":"binary-expr","locations":[{"start":{"line":89,"column":4},"end":{"line":89,"column":33}},{"start":{"line":89,"column":37},"end":{"line":89,"column":51}}],"line":89}},"s":{"0":1,"1":2,"2":2,"3":2,"4":2,"5":2,"6":2,"7":1,"8":1,"9":1,"10":2,"11":1,"12":2,"13":1,"14":2,"15":2,"16":1,"17":0,"18":1,"19":1,"20":1,"21":1,"22":0,"23":1,"24":1,"25":1,"26":0,"27":1,"28":1,"29":0,"30":0,"31":0,"32":0,"33":1,"34":0,"35":1,"36":0,"37":0,"38":0,"39":1,"40":1,"41":1,"42":0,"43":1,"44":1,"45":1,"46":1,"47":0,"48":1,"49":1,"50":1,"51":1,"52":1,"53":2,"54":2,"55":1,"56":1,"57":0},"f":{"0":2,"1":1,"2":2,"3":1,"4":0,"5":1,"6":1,"7":0,"8":1,"9":0,"10":1,"11":1,"12":1,"13":1,"14":1,"15":2},"b":{"0":[1,1],"1":[1,1],"2":[0,1],"3":[1,0],"4":[1,0],"5":[0,0],"6":[0,1],"7":[0,1],"8":[1,1],"9":[0,0],"10":[0,1],"11":[0,1],"12":[2,1,1,1],"13":[1,0],"14":[1,1]},"_coverageSchema":"1a1c01bbd47fc00a2c39e90264f33305004495a9","hash":"902afeb79796ea9b8421a4b963df00a0b4d2a188"}
,"C:\\Users\\srija\\OneDrive\\Desktop\\nsfw-extension\\content\\overlayManager.js": {"path":"C:\\Users\\srija\\OneDrive\\Desktop\\nsfw-extension\\content\\overlayManager.js","statementMap":{"0":{"start":{"line":3,"column":19},"end":{"line":3,"column":40}},"1":{"start":{"line":4,"column":26},"end":{"line":4,"column":27}},"2":{"start":{"line":9,"column":8},"end":{"line":9,"column":29}},"3":{"start":{"line":10,"column":8},"end":{"line":10,"column":36}},"4":{"start":{"line":11,"column":8},"end":{"line":11,"column":47}},"5":{"start":{"line":12,"column":8},"end":{"line":12,"column":30}},"6":{"start":{"line":16,"column":8},"end":{"line":19,"column":9}},"7":{"start":{"line":17,"column":12},"end":{"line":17,"column":35}},"8":{"start":{"line":18,"column":12},"end":{"line":18,"column":19}},"9":{"start":{"line":20,"column":8},"end":{"line":20,"column":36}},"10":{"start":{"line":21,"column":8},"end":{"line":21,"column":49}},"11":{"start":{"line":22,"column":8},"end":{"line":22,"column":48}},"12":{"start":{"line":23,"column":8},"end":{"line":25,"column":11}},"13":{"start":{"line":24,"column":12},"end":{"line":24,"column":84}},"14":{"start":{"line":24,"column":31},"end":{"line":24,"column":84}},"15":{"start":{"line":26,"column":8},"end":{"line":26,"column":29}},"16":{"start":{"line":27,"column":8},"end":{"line":27,"column":31}},"17":{"start":{"line":31,"column":8},"end":{"line":31,"column":31}},"18":{"start":{"line":32,"column":8},"end":{"line":32,"column":30}},"19":{"start":{"line":35,"column":18},"end":{"line":35,"column":39}},"20":{"start":{"line":39,"column":24},"end":{"line":39,"column":53}},"21":{"start":{"line":40,"column":8},"end":{"line":40,"column":32}},"22":{"start":{"line":41,"column":8},"end":{"line":41,"column":43}},"23":{"start":{"line":42,"column":8},"end":{"line":58,"column":6}},"24":{"start":{"line":59,"column":8},"end":{"line":59,"column":97}},"25":{"start":{"line":59,"column":81},"end":{"line":59,"column":95}},"26":{"start":{"line":60,"column":8},"end":{"line":60,"column":32}},"27":{"start":{"line":64,"column":8},"end":{"line":64,"column":47}},"28":{"start":{"line":65,"column":8},"end":{"line":65,"column":39}},"29":{"start":{"line":66,"column":8},"end":{"line":73,"column":17}},"30":{"start":{"line":67,"column":12},"end":{"line":67,"column":36}},"31":{"start":{"line":68,"column":12},"end":{"line":68,"column":43}},"32":{"start":{"line":69,"column":12},"end":{"line":72,"column":13}},"33":{"start":{"line":70,"column":16},"end":{"line":70,"column":39}},"34":{"start":{"line":71,"column":16},"end":{"line":71,"column":33}},"35":{"start":{"line":76,"column":24},"end":{"line":76,"column":47}},"36":{"start":{"line":76,"column":48},"end":{"line":76,"column":71}},"37":{"start":{"line":77,"column":24},"end":{"line":77,"column":86}},"38":{"start":{"line":77,"column":50},"end":{"line":77,"column":86}},"39":{"start":{"line":77,"column":87},"end":{"line":77,"column":115}},"40":{"start":{"line":80,"column":24},"end":{"line":80,"column":65}},"41":{"start":{"line":81,"column":23},"end":{"line":81,"column":69}},"42":{"start":{"line":82,"column":25},"end":{"line":82,"column":69}},"43":{"start":{"line":83,"column":8},"end":{"line":83,"column":75}},"44":{"start":{"line":83,"column":21},"end":{"line":83,"column":75}},"45":{"start":{"line":84,"column":8},"end":{"line":84,"column":73}},"46":{"start":{"line":84,"column":20},"end":{"line":84,"column":73}},"47":{"start":{"line":85,"column":8},"end":{"line":88,"column":9}},"48":{"start":{"line":86,"column":25},"end":{"line":86,"column":31}},"49":{"start":{"line":87,"column":12},"end":{"line":87,"column":100}},"50":{"start":{"line":92,"column":8},"end":{"line":92,"column":30}},"51":{"start":{"line":93,"column":8},"end":{"line":93,"column":42}},"52":{"start":{"line":94,"column":8},"end":{"line":100,"column":9}},"53":{"start":{"line":95,"column":12},"end":{"line":95,"column":68}},"54":{"start":{"line":96,"column":12},"end":{"line":99,"column":20}},"55":{"start":{"line":97,"column":16},"end":{"line":97,"column":99}},"56":{"start":{"line":97,"column":47},"end":{"line":97,"column":99}},"57":{"start":{"line":98,"column":16},"end":{"line":98,"column":37}},"58":{"start":{"line":104,"column":8},"end":{"line":104,"column":30}},"59":{"start":{"line":105,"column":8},"end":{"line":105,"column":113}},"60":{"start":{"line":105,"column":61},"end":{"line":105,"column":113}},"61":{"start":{"line":108,"column":23},"end":{"line":108,"column":133}},"62":{"start":{"line":111,"column":0},"end":{"line":115,"column":1}},"63":{"start":{"line":112,"column":4},"end":{"line":112,"column":71}},"64":{"start":{"line":114,"column":4},"end":{"line":114,"column":43}}},"fnMap":{"0":{"name":"(anonymous_0)","decl":{"start":{"line":8,"column":4},"end":{"line":8,"column":5}},"loc":{"start":{"line":8,"column":18},"end":{"line":13,"column":5}},"line":8},"1":{"name":"(anonymous_1)","decl":{"start":{"line":15,"column":4},"end":{"line":15,"column":5}},"loc":{"start":{"line":15,"column":38},"end":{"line":28,"column":5}},"line":15},"2":{"name":"(anonymous_2)","decl":{"start":{"line":23,"column":30},"end":{"line":23,"column":31}},"loc":{"start":{"line":23,"column":36},"end":{"line":25,"column":9}},"line":23},"3":{"name":"(anonymous_3)","decl":{"start":{"line":30,"column":4},"end":{"line":30,"column":5}},"loc":{"start":{"line":30,"column":14},"end":{"line":33,"column":5}},"line":30},"4":{"name":"(anonymous_4)","decl":{"start":{"line":35,"column":4},"end":{"line":35,"column":5}},"loc":{"start":{"line":35,"column":16},"end":{"line":35,"column":41}},"line":35},"5":{"name":"(anonymous_5)","decl":{"start":{"line":38,"column":4},"end":{"line":38,"column":5}},"loc":{"start":{"line":38,"column":27},"end":{"line":61,"column":5}},"line":38},"6":{"name":"(anonymous_6)","decl":{"start":{"line":59,"column":75},"end":{"line":59,"column":76}},"loc":{"start":{"line":59,"column":81},"end":{"line":59,"column":95}},"line":59},"7":{"name":"(anonymous_7)","decl":{"start":{"line":63,"column":4},"end":{"line":63,"column":5}},"loc":{"start":{"line":63,"column":22},"end":{"line":74,"column":5}},"line":63},"8":{"name":"(anonymous_8)","decl":{"start":{"line":66,"column":43},"end":{"line":66,"column":44}},"loc":{"start":{"line":66,"column":49},"end":{"line":73,"column":9}},"line":66},"9":{"name":"(anonymous_9)","decl":{"start":{"line":76,"column":4},"end":{"line":76,"column":5}},"loc":{"start":{"line":76,"column":22},"end":{"line":76,"column":73}},"line":76},"10":{"name":"(anonymous_10)","decl":{"start":{"line":77,"column":4},"end":{"line":77,"column":5}},"loc":{"start":{"line":77,"column":22},"end":{"line":77,"column":117}},"line":77},"11":{"name":"(anonymous_11)","decl":{"start":{"line":79,"column":4},"end":{"line":79,"column":5}},"loc":{"start":{"line":79,"column":30},"end":{"line":89,"column":5}},"line":79},"12":{"name":"(anonymous_12)","decl":{"start":{"line":91,"column":4},"end":{"line":91,"column":5}},"loc":{"start":{"line":91,"column":21},"end":{"line":101,"column":5}},"line":91},"13":{"name":"(anonymous_13)","decl":{"start":{"line":96,"column":23},"end":{"line":96,"column":24}},"loc":{"start":{"line":96,"column":29},"end":{"line":99,"column":13}},"line":96},"14":{"name":"(anonymous_14)","decl":{"start":{"line":103,"column":4},"end":{"line":103,"column":5}},"loc":{"start":{"line":103,"column":16},"end":{"line":106,"column":5}},"line":103},"15":{"name":"(anonymous_15)","decl":{"start":{"line":108,"column":4},"end":{"line":108,"column":5}},"loc":{"start":{"line":108,"column":21},"end":{"line":108,"column":135}},"line":108}},"branchMap":{"0":{"loc":{"start":{"line":15,"column":9},"end":{"line":15,"column":36}},"type":"default-arg","locations":[{"start":{"line":15,"column":18},"end":{"line":15,"column":36}}],"line":15},"1":{"loc":{"start":{"line":16,"column":8},"end":{"line":19,"column":9}},"type":"if","locations":[{"start":{"line":16,"column":8},"end":{"line":19,"column":9}},{"start":{},"end":{}}],"line":16},"2":{"loc":{"start":{"line":24,"column":12},"end":{"line":24,"column":84}},"type":"if","locations":[{"start":{"line":24,"column":12},"end":{"line":24,"column":84}},{"start":{},"end":{}}],"line":24},"3":{"loc":{"start":{"line":69,"column":12},"end":{"line":72,"column":13}},"type":"if","locations":[{"start":{"line":69,"column":12},"end":{"line":72,"column":13}},{"start":{},"end":{}}],"line":69},"4":{"loc":{"start":{"line":77,"column":24},"end":{"line":77,"column":86}},"type":"if","locations":[{"start":{"line":77,"column":24},"end":{"line":77,"column":86}},{"start":{},"end":{}}],"line":77},"5":{"loc":{"start":{"line":83,"column":8},"end":{"line":83,"column":75}},"type":"if","locations":[{"start":{"line":83,"column":8},"end":{"line":83,"column":75}},{"start":{},"end":{}}],"line":83},"6":{"loc":{"start":{"line":84,"column":8},"end":{"line":84,"column":73}},"type":"if","locations":[{"start":{"line":84,"column":8},"end":{"line":84,"column":73}},{"start":{},"end":{}}],"line":84},"7":{"loc":{"start":{"line":85,"column":8},"end":{"line":88,"column":9}},"type":"if","locations":[{"start":{"line":85,"column":8},"end":{"line":88,"column":9}},{"start":{},"end":{}}],"line":85},"8":{"loc":{"start":{"line":94,"column":8},"end":{"line":100,"column":9}},"type":"if","locations":[{"start":{"line":94,"column":8},"end":{"line":100,"column":9}},{"start":{},"end":{}}],"line":94},"9":{"loc":{"start":{"line":97,"column":16},"end":{"line":97,"column":99}},"type":"if","locations":[{"start":{"line":97,"column":16},"end":{"line":97,"column":99}},{"start":{},"end":{}}],"line":97},"10":{"loc":{"start":{"line":105,"column":8},"end":{"line":105,"column":113}},"type":"if","locations":[{"start":{"line":105,"column":8},"end":{"line":105,"column":113}},{"start":{},"end":{}}],"line":105},"11":{"loc":{"start":{"line":105,"column":12},"end":{"line":105,"column":59}},"type":"binary-expr","locations":[{"start":{"line":105,"column":12},"end":{"line":105,"column":41}},{"start":{"line":105,"column":45},"end":{"line":105,"column":59}}],"line":105},"12":{"loc":{"start":{"line":111,"column":0},"end":{"line":115,"column":1}},"type":"if","locations":[{"start":{"line":111,"column":0},"end":{"line":115,"column":1}},{"start":{"line":113,"column":7},"end":{"line":115,"column":1}}],"line":111},"13":{"loc":{"start":{"line":111,"column":4},"end":{"line":111,"column":51}},"type":"binary-expr","locations":[{"start":{"line":111,"column":4},"end":{"line":111,"column":33}},{"start":{"line":111,"column":37},"end":{"line":111,"column":51}}],"line":111}},"s":{"0":0,"1":0,"2":0,"3":0,"4":0,"5":0,"6":0,"7":0,"8":0,"9":0,"10":0,"11":0,"12":0,"13":0,"14":0,"15":0,"16":0,"17":0,"18":0,"19":0,"20":0,"21":0,"22":0,"23":0,"24":0,"25":0,"26":0,"27":0,"28":0,"29":0,"30":0,"31":0,"32":0,"33":0,"34":0,"35":0,"36":0,"37":0,"38":0,"39":0,"40":0,"41":0,"42":0,"43":0,"44":0,"45":0,"46":0,"47":0,"48":0,"49":0,"50":0,"51":0,"52":0,"53":0,"54":0,"55":0,"56":0,"57":0,"58":0,"59":0,"60":0,"61":0,"62":0,"63":0,"64":0},"f":{"0":0,"1":0,"2":0,"3":0,"4":0,"5":0,"6":0,"7":0,"8":0,"9":0,"10":0,"11":0,"12":0,"13":0,"14":0,"15":0},"b":{"0":[0],"1":[0,0],"2":[0,0],"3":[0,0],"4":[0,0],"5":[0,0],"6":[0,0],"7":[0,0],"8":[0,0],"9":[0,0],"10":[0,0],"11":[0,0],"12":[0,0],"13":[0,0]}}
,"C:\\Users\\srija\\OneDrive\\Desktop\\nsfw-extension\\ml\\cache.js": {"path":"C:\\Users\\srija\\OneDrive\\Desktop\\nsfw-extension\\ml\\cache.js","statementMap":{"0":{"start":{"line":3,"column":25},"end":{"line":3,"column":28}},"1":{"start":{"line":4,"column":23},"end":{"line":4,"column":29}},"2":{"start":{"line":9,"column":8},"end":{"line":9,"column":31}},"3":{"start":{"line":10,"column":8},"end":{"line":10,"column":27}},"4":{"start":{"line":11,"column":8},"end":{"line":11,"column":32}},"5":{"start":{"line":15,"column":8},"end":{"line":15,"column":52}},"6":{"start":{"line":15,"column":35},"end":{"line":15,"column":52}},"7":{"start":{"line":16,"column":22},"end":{"line":16,"column":42}},"8":{"start":{"line":17,"column":8},"end":{"line":20,"column":9}},"9":{"start":{"line":18,"column":12},"end":{"line":18,"column":36}},"10":{"start":{"line":19,"column":12},"end":{"line":19,"column":29}},"11":{"start":{"line":21,"column":8},"end":{"line":21,"column":32}},"12":{"start":{"line":22,"column":8},"end":{"line":22,"column":36}},"13":{"start":{"line":23,"column":8},"end":{"line":23,"column":27}},"14":{"start":{"line":27,"column":8},"end":{"line":27,"column":58}},"15":{"start":{"line":27,"column":34},"end":{"line":27,"column":58}},"16":{"start":{"line":28,"column":8},"end":{"line":28,"column":63}},"17":{"start":{"line":29,"column":8},"end":{"line":32,"column":9}},"18":{"start":{"line":30,"column":29},"end":{"line":30,"column":60}},"19":{"start":{"line":31,"column":12},"end":{"line":31,"column":41}},"20":{"start":{"line":36,"column":8},"end":{"line":36,"column":48}},"21":{"start":{"line":36,"column":35},"end":{"line":36,"column":48}},"22":{"start":{"line":37,"column":22},"end":{"line":37,"column":42}},"23":{"start":{"line":38,"column":8},"end":{"line":41,"column":9}},"24":{"start":{"line":39,"column":12},"end":{"line":39,"column":36}},"25":{"start":{"line":40,"column":12},"end":{"line":40,"column":25}},"26":{"start":{"line":42,"column":8},"end":{"line":42,"column":20}},"27":{"start":{"line":45,"column":18},"end":{"line":45,"column":42}},"28":{"start":{"line":46,"column":14},"end":{"line":46,"column":34}},"29":{"start":{"line":47,"column":17},"end":{"line":47,"column":41}},"30":{"start":{"line":50,"column":20},"end":{"line":50,"column":30}},"31":{"start":{"line":51,"column":8},"end":{"line":53,"column":9}},"32":{"start":{"line":52,"column":12},"end":{"line":52,"column":76}},"33":{"start":{"line":52,"column":52},"end":{"line":52,"column":76}},"34":{"start":{"line":57,"column":20},"end":{"line":57,"column":34}},"35":{"start":{"line":59,"column":0},"end":{"line":63,"column":1}},"36":{"start":{"line":60,"column":4},"end":{"line":60,"column":81}},"37":{"start":{"line":62,"column":4},"end":{"line":62,"column":49}}},"fnMap":{"0":{"name":"(anonymous_0)","decl":{"start":{"line":8,"column":4},"end":{"line":8,"column":5}},"loc":{"start":{"line":8,"column":68},"end":{"line":12,"column":5}},"line":8},"1":{"name":"(anonymous_1)","decl":{"start":{"line":14,"column":4},"end":{"line":14,"column":5}},"loc":{"start":{"line":14,"column":13},"end":{"line":24,"column":5}},"line":14},"2":{"name":"(anonymous_2)","decl":{"start":{"line":26,"column":4},"end":{"line":26,"column":5}},"loc":{"start":{"line":26,"column":20},"end":{"line":33,"column":5}},"line":26},"3":{"name":"(anonymous_3)","decl":{"start":{"line":35,"column":4},"end":{"line":35,"column":5}},"loc":{"start":{"line":35,"column":13},"end":{"line":43,"column":5}},"line":35},"4":{"name":"(anonymous_4)","decl":{"start":{"line":45,"column":4},"end":{"line":45,"column":5}},"loc":{"start":{"line":45,"column":16},"end":{"line":45,"column":44}},"line":45},"5":{"name":"(anonymous_5)","decl":{"start":{"line":46,"column":4},"end":{"line":46,"column":5}},"loc":{"start":{"line":46,"column":12},"end":{"line":46,"column":36}},"line":46},"6":{"name":"(anonymous_6)","decl":{"start":{"line":47,"column":4},"end":{"line":47,"column":5}},"loc":{"start":{"line":47,"column":15},"end":{"line":47,"column":43}},"line":47},"7":{"name":"(anonymous_7)","decl":{"start":{"line":49,"column":4},"end":{"line":49,"column":5}},"loc":{"start":{"line":49,"column":19},"end":{"line":54,"column":5}},"line":49}},"branchMap":{"0":{"loc":{"start":{"line":8,"column":16},"end":{"line":8,"column":42}},"type":"default-arg","locations":[{"start":{"line":8,"column":26},"end":{"line":8,"column":42}}],"line":8},"1":{"loc":{"start":{"line":8,"column":44},"end":{"line":8,"column":66}},"type":"default-arg","locations":[{"start":{"line":8,"column":52},"end":{"line":8,"column":66}}],"line":8},"2":{"loc":{"start":{"line":15,"column":8},"end":{"line":15,"column":52}},"type":"if","locations":[{"start":{"line":15,"column":8},"end":{"line":15,"column":52}},{"start":{},"end":{}}],"line":15},"3":{"loc":{"start":{"line":17,"column":8},"end":{"line":20,"column":9}},"type":"if","locations":[{"start":{"line":17,"column":8},"end":{"line":20,"column":9}},{"start":{},"end":{}}],"line":17},"4":{"loc":{"start":{"line":27,"column":8},"end":{"line":27,"column":58}},"type":"if","locations":[{"start":{"line":27,"column":8},"end":{"line":27,"column":58}},{"start":{},"end":{}}],"line":27},"5":{"loc":{"start":{"line":29,"column":8},"end":{"line":32,"column":9}},"type":"if","locations":[{"start":{"line":29,"column":8},"end":{"line":32,"column":9}},{"start":{},"end":{}}],"line":29},"6":{"loc":{"start":{"line":36,"column":8},"end":{"line":36,"column":48}},"type":"if","locations":[{"start":{"line":36,"column":8},"end":{"line":36,"column":48}},{"start":{},"end":{}}],"line":36},"7":{"loc":{"start":{"line":38,"column":8},"end":{"line":41,"column":9}},"type":"if","locations":[{"start":{"line":38,"column":8},"end":{"line":41,"column":9}},{"start":{},"end":{}}],"line":38},"8":{"loc":{"start":{"line":52,"column":12},"end":{"line":52,"column":76}},"type":"if","locations":[{"start":{"line":52,"column":12},"end":{"line":52,"column":76}},{"start":{},"end":{}}],"line":52},"9":{"loc":{"start":{"line":59,"column":0},"end":{"line":63,"column":1}},"type":"if","locations":[{"start":{"line":59,"column":0},"end":{"line":63,"column":1}},{"start":{"line":61,"column":7},"end":{"line":63,"column":1}}],"line":59},"10":{"loc":{"start":{"line":59,"column":4},"end":{"line":59,"column":51}},"type":"binary-expr","locations":[{"start":{"line":59,"column":4},"end":{"line":59,"column":33}},{"start":{"line":59,"column":37},"end":{"line":59,"column":51}}],"line":59}},"s":{"0":1,"1":1,"2":5,"3":5,"4":5,"5":3,"6":0,"7":3,"8":3,"9":1,"10":1,"11":2,"12":2,"13":2,"14":8,"15":0,"16":8,"17":8,"18":1,"19":1,"20":2,"21":1,"22":1,"23":1,"24":0,"25":0,"26":1,"27":0,"28":0,"29":0,"30":0,"31":0,"32":0,"33":0,"34":1,"35":1,"36":1,"37":0},"f":{"0":5,"1":3,"2":8,"3":2,"4":0,"5":0,"6":0,"7":0},"b":{"0":[1],"1":[1],"2":[0,3],"3":[1,2],"4":[0,8],"5":[1,7],"6":[1,1],"7":[0,1],"8":[0,0],"9":[1,0],"10":[1,1]},"_coverageSchema":"1a1c01bbd47fc00a2c39e90264f33305004495a9","hash":"e5ccb923126a3d7eb2f83c0d7fa4fb310b934d2b"}
,"C:\\Users\\srija\\OneDrive\\Desktop\\nsfw-extension\\ml\\frameExtractor.js": {"path":"C:\\Users\\srija\\OneDrive\\Desktop\\nsfw-extension\\ml\\frameExtractor.js","statementMap":{"0":{"start":{"line":3,"column":22},"end":{"line":3,"column":24}},"1":{"start":{"line":7,"column":14},"end":{"line":7,"column":76}},"2":{"start":{"line":8,"column":14},"end":{"line":8,"column":80}},"3":{"start":{"line":9,"column":4},"end":{"line":9,"column":52}},"4":{"start":{"line":15,"column":4},"end":{"line":23,"column":5}},"5":{"start":{"line":16,"column":8},"end":{"line":16,"column":52}},"6":{"start":{"line":17,"column":8},"end":{"line":17,"column":38}},"7":{"start":{"line":19,"column":8},"end":{"line":19,"column":50}},"8":{"start":{"line":20,"column":8},"end":{"line":20,"column":29}},"9":{"start":{"line":21,"column":8},"end":{"line":21,"column":31}},"10":{"start":{"line":22,"column":8},"end":{"line":22,"column":38}},"11":{"start":{"line":24,"column":4},"end":{"line":24,"column":47}},"12":{"start":{"line":25,"column":4},"end":{"line":25,"column":49}},"13":{"start":{"line":30,"column":4},"end":{"line":30,"column":40}},"14":{"start":{"line":30,"column":28},"end":{"line":30,"column":40}},"15":{"start":{"line":31,"column":4},"end":{"line":31,"column":60}},"16":{"start":{"line":31,"column":28},"end":{"line":31,"column":60}},"17":{"start":{"line":32,"column":18},"end":{"line":32,"column":51}},"18":{"start":{"line":33,"column":19},"end":{"line":33,"column":54}},"19":{"start":{"line":34,"column":4},"end":{"line":38,"column":5}},"20":{"start":{"line":35,"column":8},"end":{"line":35,"column":50}},"21":{"start":{"line":37,"column":8},"end":{"line":37,"column":20}},"22":{"start":{"line":43,"column":4},"end":{"line":43,"column":42}},"23":{"start":{"line":43,"column":30},"end":{"line":43,"column":42}},"24":{"start":{"line":44,"column":4},"end":{"line":44,"column":44}},"25":{"start":{"line":44,"column":32},"end":{"line":44,"column":44}},"26":{"start":{"line":45,"column":18},"end":{"line":45,"column":36}},"27":{"start":{"line":46,"column":19},"end":{"line":46,"column":38}},"28":{"start":{"line":47,"column":4},"end":{"line":51,"column":5}},"29":{"start":{"line":48,"column":8},"end":{"line":48,"column":52}},"30":{"start":{"line":50,"column":8},"end":{"line":50,"column":20}},"31":{"start":{"line":56,"column":18},"end":{"line":56,"column":22}},"32":{"start":{"line":57,"column":19},"end":{"line":61,"column":5}},"33":{"start":{"line":58,"column":8},"end":{"line":58,"column":52}},"34":{"start":{"line":58,"column":45},"end":{"line":58,"column":52}},"35":{"start":{"line":59,"column":26},"end":{"line":59,"column":56}},"36":{"start":{"line":60,"column":8},"end":{"line":60,"column":42}},"37":{"start":{"line":60,"column":23},"end":{"line":60,"column":42}},"38":{"start":{"line":62,"column":18},"end":{"line":66,"column":5}},"39":{"start":{"line":63,"column":8},"end":{"line":63,"column":37}},"40":{"start":{"line":63,"column":30},"end":{"line":63,"column":37}},"41":{"start":{"line":64,"column":8},"end":{"line":64,"column":50}},"42":{"start":{"line":65,"column":8},"end":{"line":65,"column":17}},"43":{"start":{"line":67,"column":17},"end":{"line":72,"column":5}},"44":{"start":{"line":68,"column":8},"end":{"line":71,"column":9}},"45":{"start":{"line":69,"column":12},"end":{"line":69,"column":35}},"46":{"start":{"line":70,"column":12},"end":{"line":70,"column":27}},"47":{"start":{"line":73,"column":4},"end":{"line":73,"column":44}},"48":{"start":{"line":74,"column":4},"end":{"line":74,"column":44}},"49":{"start":{"line":75,"column":4},"end":{"line":75,"column":44}},"50":{"start":{"line":76,"column":4},"end":{"line":76,"column":33}},"51":{"start":{"line":76,"column":25},"end":{"line":76,"column":33}},"52":{"start":{"line":77,"column":4},"end":{"line":77,"column":16}},"53":{"start":{"line":80,"column":0},"end":{"line":84,"column":1}},"54":{"start":{"line":81,"column":4},"end":{"line":81,"column":118}},"55":{"start":{"line":83,"column":4},"end":{"line":83,"column":96}}},"fnMap":{"0":{"name":"isSizeable","decl":{"start":{"line":6,"column":9},"end":{"line":6,"column":19}},"loc":{"start":{"line":6,"column":24},"end":{"line":10,"column":1}},"line":6},"1":{"name":"drawToCanvas","decl":{"start":{"line":13,"column":9},"end":{"line":13,"column":21}},"loc":{"start":{"line":13,"column":45},"end":{"line":26,"column":1}},"line":13},"2":{"name":"extractFromImage","decl":{"start":{"line":29,"column":9},"end":{"line":29,"column":25}},"loc":{"start":{"line":29,"column":33},"end":{"line":39,"column":1}},"line":29},"3":{"name":"extractFrameFromVideo","decl":{"start":{"line":42,"column":9},"end":{"line":42,"column":30}},"loc":{"start":{"line":42,"column":40},"end":{"line":52,"column":1}},"line":42},"4":{"name":"watchVideo","decl":{"start":{"line":55,"column":9},"end":{"line":55,"column":19}},"loc":{"start":{"line":55,"column":57},"end":{"line":78,"column":1}},"line":55},"5":{"name":"(anonymous_5)","decl":{"start":{"line":57,"column":19},"end":{"line":57,"column":20}},"loc":{"start":{"line":57,"column":25},"end":{"line":61,"column":5}},"line":57},"6":{"name":"(anonymous_6)","decl":{"start":{"line":62,"column":18},"end":{"line":62,"column":19}},"loc":{"start":{"line":62,"column":24},"end":{"line":66,"column":5}},"line":62},"7":{"name":"(anonymous_7)","decl":{"start":{"line":67,"column":17},"end":{"line":67,"column":18}},"loc":{"start":{"line":67,"column":23},"end":{"line":72,"column":5}},"line":67}},"branchMap":{"0":{"loc":{"start":{"line":7,"column":14},"end":{"line":7,"column":76}},"type":"binary-expr","locations":[{"start":{"line":7,"column":14},"end":{"line":7,"column":29}},{"start":{"line":7,"column":33},"end":{"line":7,"column":46}},{"start":{"line":7,"column":50},"end":{"line":7,"column":58}},{"start":{"line":7,"column":62},"end":{"line":7,"column":76}}],"line":7},"1":{"loc":{"start":{"line":8,"column":14},"end":{"line":8,"column":80}},"type":"binary-expr","locations":[{"start":{"line":8,"column":14},"end":{"line":8,"column":30}},{"start":{"line":8,"column":34},"end":{"line":8,"column":48}},{"start":{"line":8,"column":52},"end":{"line":8,"column":61}},{"start":{"line":8,"column":65},"end":{"line":8,"column":80}}],"line":8},"2":{"loc":{"start":{"line":9,"column":11},"end":{"line":9,"column":51}},"type":"binary-expr","locations":[{"start":{"line":9,"column":11},"end":{"line":9,"column":29}},{"start":{"line":9,"column":33},"end":{"line":9,"column":51}}],"line":9},"3":{"loc":{"start":{"line":15,"column":4},"end":{"line":23,"column":5}},"type":"if","locations":[{"start":{"line":15,"column":4},"end":{"line":23,"column":5}},{"start":{"line":18,"column":11},"end":{"line":23,"column":5}}],"line":15},"4":{"loc":{"start":{"line":30,"column":4},"end":{"line":30,"column":40}},"type":"if","locations":[{"start":{"line":30,"column":4},"end":{"line":30,"column":40}},{"start":{},"end":{}}],"line":30},"5":{"loc":{"start":{"line":31,"column":4},"end":{"line":31,"column":60}},"type":"if","locations":[{"start":{"line":31,"column":4},"end":{"line":31,"column":60}},{"start":{},"end":{}}],"line":31},"6":{"loc":{"start":{"line":32,"column":18},"end":{"line":32,"column":51}},"type":"binary-expr","locations":[{"start":{"line":32,"column":18},"end":{"line":32,"column":36}},{"start":{"line":32,"column":40},"end":{"line":32,"column":51}}],"line":32},"7":{"loc":{"start":{"line":33,"column":19},"end":{"line":33,"column":54}},"type":"binary-expr","locations":[{"start":{"line":33,"column":19},"end":{"line":33,"column":38}},{"start":{"line":33,"column":42},"end":{"line":33,"column":54}}],"line":33},"8":{"loc":{"start":{"line":43,"column":4},"end":{"line":43,"column":42}},"type":"if","locations":[{"start":{"line":43,"column":4},"end":{"line":43,"column":42}},{"start":{},"end":{}}],"line":43},"9":{"loc":{"start":{"line":44,"column":4},"end":{"line":44,"column":44}},"type":"if","locations":[{"start":{"line":44,"column":4},"end":{"line":44,"column":44}},{"start":{},"end":{}}],"line":44},"10":{"loc":{"start":{"line":55,"column":38},"end":{"line":55,"column":55}},"type":"default-arg","locations":[{"start":{"line":55,"column":51},"end":{"line":55,"column":55}}],"line":55},"11":{"loc":{"start":{"line":58,"column":8},"end":{"line":58,"column":52}},"type":"if","locations":[{"start":{"line":58,"column":8},"end":{"line":58,"column":52}},{"start":{},"end":{}}],"line":58},"12":{"loc":{"start":{"line":58,"column":12},"end":{"line":58,"column":43}},"type":"binary-expr","locations":[{"start":{"line":58,"column":12},"end":{"line":58,"column":26}},{"start":{"line":58,"column":30},"end":{"line":58,"column":43}}],"line":58},"13":{"loc":{"start":{"line":60,"column":8},"end":{"line":60,"column":42}},"type":"if","locations":[{"start":{"line":60,"column":8},"end":{"line":60,"column":42}},{"start":{},"end":{}}],"line":60},"14":{"loc":{"start":{"line":63,"column":8},"end":{"line":63,"column":37}},"type":"if","locations":[{"start":{"line":63,"column":8},"end":{"line":63,"column":37}},{"start":{},"end":{}}],"line":63},"15":{"loc":{"start":{"line":68,"column":8},"end":{"line":71,"column":9}},"type":"if","locations":[{"start":{"line":68,"column":8},"end":{"line":71,"column":9}},{"start":{},"end":{}}],"line":68},"16":{"loc":{"start":{"line":76,"column":4},"end":{"line":76,"column":33}},"type":"if","locations":[{"start":{"line":76,"column":4},"end":{"line":76,"column":33}},{"start":{},"end":{}}],"line":76},"17":{"loc":{"start":{"line":80,"column":0},"end":{"line":84,"column":1}},"type":"if","locations":[{"start":{"line":80,"column":0},"end":{"line":84,"column":1}},{"start":{"line":82,"column":7},"end":{"line":84,"column":1}}],"line":80},"18":{"loc":{"start":{"line":80,"column":4},"end":{"line":80,"column":51}},"type":"binary-expr","locations":[{"start":{"line":80,"column":4},"end":{"line":80,"column":33}},{"start":{"line":80,"column":37},"end":{"line":80,"column":51}}],"line":80}},"s":{"0":1,"1":5,"2":5,"3":5,"4":2,"5":2,"6":2,"7":0,"8":0,"9":0,"10":0,"11":2,"12":2,"13":1,"14":0,"15":1,"16":1,"17":1,"18":1,"19":1,"20":1,"21":0,"22":2,"23":0,"24":2,"25":1,"26":1,"27":1,"28":1,"29":1,"30":0,"31":0,"32":0,"33":0,"34":0,"35":0,"36":0,"37":0,"38":0,"39":0,"40":0,"41":0,"42":0,"43":0,"44":0,"45":0,"46":0,"47":0,"48":0,"49":0,"50":0,"51":0,"52":0,"53":1,"54":1,"55":0},"f":{"0":5,"1":2,"2":1,"3":2,"4":0,"5":0,"6":0,"7":0},"b":{"0":[5,2,0,0],"1":[5,2,0,0],"2":[5,4],"3":[2,0],"4":[0,1],"5":[1,0],"6":[1,0],"7":[1,0],"8":[0,2],"9":[1,1],"10":[0],"11":[0,0],"12":[0,0],"13":[0,0],"14":[0,0],"15":[0,0],"16":[0,0],"17":[1,0],"18":[1,1]},"_coverageSchema":"1a1c01bbd47fc00a2c39e90264f33305004495a9","hash":"74796ea2064fc8ec42d5ba8bb0c97f4f95d5ba69"}
,"C:\\Users\\srija\\OneDrive\\Desktop\\nsfw-extension\\ml\\nsfwDetector.js": {"path":"C:\\Users\\srija\\OneDrive\\Desktop\\nsfw-extension\\ml\\nsfwDetector.js","statementMap":{"0":{"start":{"line":3,"column":15},"end":{"line":3,"column":63}},"1":{"start":{"line":4,"column":24},"end":{"line":4,"column":64}},"2":{"start":{"line":5,"column":24},"end":{"line":5,"column":61}},"3":{"start":{"line":7,"column":13},"end":{"line":7,"column":17}},"4":{"start":{"line":8,"column":19},"end":{"line":8,"column":23}},"5":{"start":{"line":9,"column":19},"end":{"line":9,"column":27}},"6":{"start":{"line":13,"column":4},"end":{"line":15,"column":5}},"7":{"start":{"line":14,"column":8},"end":{"line":14,"column":60}},"8":{"start":{"line":16,"column":4},"end":{"line":16,"column":33}},"9":{"start":{"line":21,"column":4},"end":{"line":21,"column":30}},"10":{"start":{"line":21,"column":16},"end":{"line":21,"column":30}},"11":{"start":{"line":22,"column":4},"end":{"line":22,"column":42}},"12":{"start":{"line":22,"column":22},"end":{"line":22,"column":42}},"13":{"start":{"line":24,"column":4},"end":{"line":34,"column":9}},"14":{"start":{"line":25,"column":25},"end":{"line":25,"column":38}},"15":{"start":{"line":26,"column":8},"end":{"line":26,"column":84}},"16":{"start":{"line":26,"column":43},"end":{"line":26,"column":84}},"17":{"start":{"line":27,"column":8},"end":{"line":31,"column":9}},"18":{"start":{"line":28,"column":12},"end":{"line":28,"column":62}},"19":{"start":{"line":30,"column":12},"end":{"line":30,"column":39}},"20":{"start":{"line":32,"column":8},"end":{"line":32,"column":56}},"21":{"start":{"line":33,"column":8},"end":{"line":33,"column":22}},"22":{"start":{"line":36,"column":4},"end":{"line":36,"column":24}},"23":{"start":{"line":41,"column":4},"end":{"line":41,"column":67}},"24":{"start":{"line":41,"column":46},"end":{"line":41,"column":67}},"25":{"start":{"line":46,"column":4},"end":{"line":53,"column":7}},"26":{"start":{"line":47,"column":8},"end":{"line":52,"column":27}},"27":{"start":{"line":58,"column":18},"end":{"line":58,"column":35}},"28":{"start":{"line":59,"column":19},"end":{"line":59,"column":49}},"29":{"start":{"line":62,"column":4},"end":{"line":70,"column":5}},"30":{"start":{"line":63,"column":23},"end":{"line":63,"column":50}},"31":{"start":{"line":64,"column":20},"end":{"line":64,"column":62}},"32":{"start":{"line":65,"column":8},"end":{"line":65,"column":39}},"33":{"start":{"line":67,"column":8},"end":{"line":67,"column":61}},"34":{"start":{"line":67,"column":47},"end":{"line":67,"column":61}},"35":{"start":{"line":69,"column":8},"end":{"line":69,"column":25}},"36":{"start":{"line":72,"column":4},"end":{"line":75,"column":42}},"37":{"start":{"line":72,"column":37},"end":{"line":75,"column":5}},"38":{"start":{"line":75,"column":23},"end":{"line":75,"column":40}},"39":{"start":{"line":80,"column":23},"end":{"line":80,"column":59}},"40":{"start":{"line":81,"column":4},"end":{"line":89,"column":5}},"41":{"start":{"line":82,"column":30},"end":{"line":82,"column":52}},"42":{"start":{"line":83,"column":8},"end":{"line":88,"column":9}},"43":{"start":{"line":84,"column":39},"end":{"line":84,"column":65}},"44":{"start":{"line":85,"column":12},"end":{"line":87,"column":13}},"45":{"start":{"line":86,"column":16},"end":{"line":86,"column":94}},"46":{"start":{"line":90,"column":4},"end":{"line":90,"column":76}},"47":{"start":{"line":95,"column":24},"end":{"line":95,"column":49}},"48":{"start":{"line":96,"column":19},"end":{"line":96,"column":38}},"49":{"start":{"line":97,"column":4},"end":{"line":97,"column":38}},"50":{"start":{"line":101,"column":4},"end":{"line":101,"column":18}},"51":{"start":{"line":102,"column":4},"end":{"line":102,"column":24}},"52":{"start":{"line":103,"column":4},"end":{"line":103,"column":28}},"53":{"start":{"line":106,"column":0},"end":{"line":110,"column":1}},"54":{"start":{"line":107,"column":4},"end":{"line":107,"column":135}},"55":{"start":{"line":109,"column":4},"end":{"line":109,"column":111}}},"fnMap":{"0":{"name":"getModelUrl","decl":{"start":{"line":12,"column":9},"end":{"line":12,"column":20}},"loc":{"start":{"line":12,"column":23},"end":{"line":17,"column":1}},"line":12},"1":{"name":"loadModel","decl":{"start":{"line":20,"column":15},"end":{"line":20,"column":24}},"loc":{"start":{"line":20,"column":27},"end":{"line":37,"column":1}},"line":20},"2":{"name":"(anonymous_2)","decl":{"start":{"line":24,"column":20},"end":{"line":24,"column":21}},"loc":{"start":{"line":24,"column":32},"end":{"line":34,"column":5}},"line":24},"3":{"name":"setSensitivity","decl":{"start":{"line":40,"column":9},"end":{"line":40,"column":23}},"loc":{"start":{"line":40,"column":31},"end":{"line":42,"column":1}},"line":40},"4":{"name":"preprocessImageData","decl":{"start":{"line":45,"column":9},"end":{"line":45,"column":28}},"loc":{"start":{"line":45,"column":58},"end":{"line":54,"column":1}},"line":45},"5":{"name":"(anonymous_5)","decl":{"start":{"line":46,"column":19},"end":{"line":46,"column":20}},"loc":{"start":{"line":46,"column":25},"end":{"line":53,"column":5}},"line":46},"6":{"name":"classify","decl":{"start":{"line":57,"column":15},"end":{"line":57,"column":23}},"loc":{"start":{"line":57,"column":35},"end":{"line":76,"column":1}},"line":57},"7":{"name":"(anonymous_7)","decl":{"start":{"line":72,"column":22},"end":{"line":72,"column":23}},"loc":{"start":{"line":72,"column":37},"end":{"line":75,"column":5}},"line":72},"8":{"name":"(anonymous_8)","decl":{"start":{"line":75,"column":13},"end":{"line":75,"column":14}},"loc":{"start":{"line":75,"column":23},"end":{"line":75,"column":40}},"line":75},"9":{"name":"isNSFW","decl":{"start":{"line":79,"column":9},"end":{"line":79,"column":15}},"loc":{"start":{"line":79,"column":29},"end":{"line":91,"column":1}},"line":79},"10":{"name":"detectNSFW","decl":{"start":{"line":94,"column":15},"end":{"line":94,"column":25}},"loc":{"start":{"line":94,"column":37},"end":{"line":98,"column":1}},"line":94},"11":{"name":"_reset","decl":{"start":{"line":100,"column":9},"end":{"line":100,"column":15}},"loc":{"start":{"line":100,"column":18},"end":{"line":104,"column":1}},"line":100}},"branchMap":{"0":{"loc":{"start":{"line":13,"column":4},"end":{"line":15,"column":5}},"type":"if","locations":[{"start":{"line":13,"column":4},"end":{"line":15,"column":5}},{"start":{},"end":{}}],"line":13},"1":{"loc":{"start":{"line":13,"column":8},"end":{"line":13,"column":80}},"type":"binary-expr","locations":[{"start":{"line":13,"column":8},"end":{"line":13,"column":37}},{"start":{"line":13,"column":41},"end":{"line":13,"column":55}},{"start":{"line":13,"column":59},"end":{"line":13,"column":80}}],"line":13},"2":{"loc":{"start":{"line":21,"column":4},"end":{"line":21,"column":30}},"type":"if","locations":[{"start":{"line":21,"column":4},"end":{"line":21,"column":30}},{"start":{},"end":{}}],"line":21},"3":{"loc":{"start":{"line":22,"column":4},"end":{"line":22,"column":42}},"type":"if","locations":[{"start":{"line":22,"column":4},"end":{"line":22,"column":42}},{"start":{},"end":{}}],"line":22},"4":{"loc":{"start":{"line":26,"column":8},"end":{"line":26,"column":84}},"type":"if","locations":[{"start":{"line":26,"column":8},"end":{"line":26,"column":84}},{"start":{},"end":{}}],"line":26},"5":{"loc":{"start":{"line":27,"column":8},"end":{"line":31,"column":9}},"type":"if","locations":[{"start":{"line":27,"column":8},"end":{"line":31,"column":9}},{"start":{"line":29,"column":15},"end":{"line":31,"column":9}}],"line":27},"6":{"loc":{"start":{"line":27,"column":12},"end":{"line":27,"column":84}},"type":"binary-expr","locations":[{"start":{"line":27,"column":12},"end":{"line":27,"column":41}},{"start":{"line":27,"column":45},"end":{"line":27,"column":59}},{"start":{"line":27,"column":63},"end":{"line":27,"column":84}}],"line":27},"7":{"loc":{"start":{"line":41,"column":4},"end":{"line":41,"column":67}},"type":"if","locations":[{"start":{"line":41,"column":4},"end":{"line":41,"column":67}},{"start":{},"end":{}}],"line":41},"8":{"loc":{"start":{"line":45,"column":40},"end":{"line":45,"column":56}},"type":"default-arg","locations":[{"start":{"line":45,"column":53},"end":{"line":45,"column":56}}],"line":45},"9":{"loc":{"start":{"line":64,"column":20},"end":{"line":64,"column":62}},"type":"cond-expr","locations":[{"start":{"line":64,"column":44},"end":{"line":64,"column":53}},{"start":{"line":64,"column":56},"end":{"line":64,"column":62}}],"line":64},"10":{"loc":{"start":{"line":67,"column":8},"end":{"line":67,"column":61}},"type":"if","locations":[{"start":{"line":67,"column":8},"end":{"line":67,"column":61}},{"start":{},"end":{}}],"line":67},"11":{"loc":{"start":{"line":80,"column":23},"end":{"line":80,"column":59}},"type":"binary-expr","locations":[{"start":{"line":80,"column":23},"end":{"line":80,"column":52}},{"start":{"line":80,"column":56},"end":{"line":80,"column":59}}],"line":80},"12":{"loc":{"start":{"line":83,"column":8},"end":{"line":88,"column":9}},"type":"if","locations":[{"start":{"line":83,"column":8},"end":{"line":88,"column":9}},{"start":{},"end":{}}],"line":83},"13":{"loc":{"start":{"line":85,"column":12},"end":{"line":87,"column":13}},"type":"if","locations":[{"start":{"line":85,"column":12},"end":{"line":87,"column":13}},{"start":{},"end":{}}],"line":85},"14":{"loc":{"start":{"line":106,"column":0},"end":{"line":110,"column":1}},"type":"if","locations":[{"start":{"line":106,"column":0},"end":{"line":110,"column":1}},{"start":{"line":108,"column":7},"end":{"line":110,"column":1}}],"line":106},"15":{"loc":{"start":{"line":106,"column":4},"end":{"line":106,"column":51}},"type":"binary-expr","locations":[{"start":{"line":106,"column":4},"end":{"line":106,"column":33}},{"start":{"line":106,"column":37},"end":{"line":106,"column":51}}],"line":106}},"s":{"0":1,"1":1,"2":1,"3":1,"4":1,"5":1,"6":1,"7":1,"8":0,"9":1,"10":0,"11":1,"12":0,"13":1,"14":1,"15":1,"16":0,"17":1,"18":1,"19":0,"20":1,"21":1,"22":1,"23":1,"24":1,"25":1,"26":1,"27":1,"28":1,"29":1,"30":1,"31":1,"32":1,"33":1,"34":1,"35":1,"36":1,"37":5,"38":7,"39":2,"40":2,"41":2,"42":2,"43":2,"44":2,"45":2,"46":0,"47":0,"48":0,"49":0,"50":3,"51":3,"52":3,"53":1,"54":1,"55":0},"f":{"0":1,"1":1,"2":1,"3":1,"4":1,"5":1,"6":1,"7":5,"8":7,"9":2,"10":0,"11":3},"b":{"0":[1,0],"1":[1,1,1],"2":[0,1],"3":[0,1],"4":[0,1],"5":[1,0],"6":[1,1,1],"7":[1,0],"8":[1],"9":[0,1],"10":[1,0],"11":[2,0],"12":[2,0],"13":[2,0],"14":[1,0],"15":[1,1]},"_coverageSchema":"1a1c01bbd47fc00a2c39e90264f33305004495a9","hash":"ceb1086b7b029bb6fff07d289b4e373e41f1d9b9"}
}
