TN:
SF:content\blurManager.js
FN:7,(anonymous_0)
FN:11,(anonymous_1)
FN:21,(anonymous_2)
FN:25,(anonymous_3)
FN:29,(anonymous_4)
FN:29,(anonymous_5)
FN:30,(anonymous_6)
FN:30,(anonymous_7)
FN:31,(anonymous_8)
FNF:9
FNH:2
FNDA:2,(anonymous_0)
FNDA:3,(anonymous_1)
FNDA:0,(anonymous_2)
FNDA:0,(anonymous_3)
FNDA:0,(anonymous_4)
FNDA:0,(anonymous_5)
FNDA:0,(anonymous_6)
FNDA:0,(anonymous_7)
FNDA:0,(anonymous_8)
DA:3,1
DA:8,2
DA:12,3
DA:13,2
DA:14,2
DA:15,2
DA:16,2
DA:17,0
DA:22,0
DA:26,0
DA:29,0
DA:30,0
DA:31,0
DA:34,1
DA:35,1
DA:37,0
LF:16
LH:9
BRDA:12,0,0,1
BRDA:12,0,1,2
BRDA:16,1,0,0
BRDA:16,1,1,2
BRDA:16,2,0,2
BRDA:16,2,1,0
BRDA:34,3,0,1
BRDA:34,3,1,0
BRDA:34,4,0,1
BRDA:34,4,1,1
BRF:10
BRH:7
end_of_record
TN:
SF:content\content.js
FN:17,init
FN:22,(anonymous_1)
FN:29,handleElementBatch
FN:38,processImage
FN:63,processVideo
FN:65,(anonymous_5)
FN:82,applyNSFW
FN:91,getStoredSettings
FN:92,(anonymous_8)
FN:95,updateStats
FN:96,(anonymous_10)
FN:99,onMessage
FN:103,(anonymous_12)
FNF:13
FNH:0
FNDA:0,init
FNDA:0,(anonymous_1)
FNDA:0,handleElementBatch
FNDA:0,processImage
FNDA:0,processVideo
FNDA:0,(anonymous_5)
FNDA:0,applyNSFW
FNDA:0,getStoredSettings
FNDA:0,(anonymous_8)
FNDA:0,updateStats
FNDA:0,(anonymous_10)
FNDA:0,onMessage
FNDA:0,(anonymous_12)
DA:3,0
DA:4,0
DA:5,0
DA:6,0
DA:8,0
DA:9,0
DA:10,0
DA:12,0
DA:13,0
DA:14,0
DA:18,0
DA:19,0
DA:20,0
DA:21,0
DA:22,0
DA:23,0
DA:24,0
DA:25,0
DA:30,0
DA:31,0
DA:32,0
DA:33,0
DA:39,0
DA:40,0
DA:41,0
DA:42,0
DA:43,0
DA:44,0
DA:45,0
DA:47,0
DA:48,0
DA:49,0
DA:50,0
DA:51,0
DA:52,0
DA:53,0
DA:54,0
DA:55,0
DA:56,0
DA:57,0
DA:64,0
DA:65,0
DA:66,0
DA:67,0
DA:68,0
DA:69,0
DA:70,0
DA:71,0
DA:72,0
DA:73,0
DA:74,0
DA:78,0
DA:83,0
DA:84,0
DA:85,0
DA:86,0
DA:92,0
DA:96,0
DA:100,0
DA:101,0
DA:102,0
DA:103,0
DA:104,0
DA:107,0
DA:108,0
DA:111,0
DA:112,0
LF:67
LH:0
BRDA:19,0,0,0
BRDA:19,0,1,0
BRDA:20,1,0,0
BRDA:20,1,1,0
BRDA:20,2,0,0
BRDA:20,2,1,0
BRDA:21,3,0,0
BRDA:21,3,1,0
BRDA:22,4,0,0
BRDA:22,4,1,0
BRDA:30,5,0,0
BRDA:30,5,1,0
BRDA:32,6,0,0
BRDA:32,6,1,0
BRDA:33,7,0,0
BRDA:33,7,1,0
BRDA:39,8,0,0
BRDA:39,8,1,0
BRDA:40,9,0,0
BRDA:40,9,1,0
BRDA:42,10,0,0
BRDA:42,10,1,0
BRDA:44,11,0,0
BRDA:44,11,1,0
BRDA:48,12,0,0
BRDA:48,12,1,0
BRDA:53,13,0,0
BRDA:53,13,1,0
BRDA:54,14,0,0
BRDA:54,14,1,0
BRDA:64,15,0,0
BRDA:64,15,1,0
BRDA:66,16,0,0
BRDA:66,16,1,0
BRDA:71,17,0,0
BRDA:71,17,1,0
BRDA:78,18,0,0
BRDA:78,18,1,0
BRDA:84,19,0,0
BRDA:84,19,1,0
BRDA:100,20,0,0
BRDA:100,20,1,0
BRDA:102,21,0,0
BRDA:102,21,1,0
BRDA:104,22,0,0
BRDA:104,22,1,0
BRDA:107,23,0,0
BRDA:107,23,1,0
BRDA:108,24,0,0
BRDA:108,24,1,0
BRDA:111,25,0,0
BRDA:111,25,1,0
BRF:52
BRH:0
end_of_record
TN:
SF:content\domMonitor.js
FN:7,(anonymous_0)
FN:16,(anonymous_1)
FN:22,(anonymous_2)
FN:29,(anonymous_3)
FN:30,(anonymous_4)
FN:33,(anonymous_5)
FN:34,(anonymous_6)
FN:39,(anonymous_7)
FN:46,(anonymous_8)
FN:47,(anonymous_9)
FN:57,(anonymous_10)
FN:67,(anonymous_11)
FN:69,(anonymous_12)
FN:75,(anonymous_13)
FN:79,(anonymous_14)
FN:83,(anonymous_15)
FNF:16
FNH:13
FNDA:2,(anonymous_0)
FNDA:1,(anonymous_1)
FNDA:2,(anonymous_2)
FNDA:1,(anonymous_3)
FNDA:0,(anonymous_4)
FNDA:1,(anonymous_5)
FNDA:1,(anonymous_6)
FNDA:0,(anonymous_7)
FNDA:1,(anonymous_8)
FNDA:0,(anonymous_9)
FNDA:1,(anonymous_10)
FNDA:1,(anonymous_11)
FNDA:1,(anonymous_12)
FNDA:1,(anonymous_13)
FNDA:1,(anonymous_14)
FNDA:2,(anonymous_15)
DA:3,1
DA:8,2
DA:9,2
DA:10,2
DA:11,2
DA:12,2
DA:13,2
DA:17,1
DA:18,1
DA:19,1
DA:23,2
DA:24,2
DA:25,2
DA:26,2
DA:30,1
DA:34,1
DA:35,1
DA:36,1
DA:37,1
DA:38,1
DA:39,1
DA:43,1
DA:47,1
DA:48,0
DA:49,0
DA:50,0
DA:51,0
DA:58,1
DA:59,1
DA:60,0
DA:61,0
DA:63,1
DA:64,1
DA:68,1
DA:69,1
DA:70,1
DA:71,1
DA:76,1
DA:77,1
DA:78,1
DA:79,1
DA:80,1
DA:84,2
DA:85,2
DA:89,1
DA:90,1
DA:92,0
LF:47
LH:40
BRDA:23,0,0,1
BRDA:23,0,1,1
BRDA:24,1,0,1
BRDA:24,1,1,1
BRDA:37,2,0,0
BRDA:37,2,1,1
BRDA:38,3,0,1
BRDA:38,3,1,0
BRDA:38,4,0,1
BRDA:38,4,1,0
BRDA:49,5,0,0
BRDA:49,5,1,0
BRDA:58,6,0,0
BRDA:58,6,1,1
BRDA:59,7,0,0
BRDA:59,7,1,1
BRDA:59,8,0,1
BRDA:59,8,1,1
BRDA:60,9,0,0
BRDA:60,9,1,0
BRDA:68,10,0,0
BRDA:68,10,1,1
BRDA:76,11,0,0
BRDA:76,11,1,1
BRDA:85,12,0,2
BRDA:85,12,1,1
BRDA:85,12,2,1
BRDA:85,12,3,1
BRDA:89,13,0,1
BRDA:89,13,1,0
BRDA:89,14,0,1
BRDA:89,14,1,1
BRF:32
BRH:20
end_of_record
TN:
SF:content\overlayManager.js
FN:8,(anonymous_0)
FN:15,(anonymous_1)
FN:23,(anonymous_2)
FN:30,(anonymous_3)
FN:35,(anonymous_4)
FN:38,(anonymous_5)
FN:59,(anonymous_6)
FN:63,(anonymous_7)
FN:66,(anonymous_8)
FN:76,(anonymous_9)
FN:77,(anonymous_10)
FN:79,(anonymous_11)
FN:91,(anonymous_12)
FN:96,(anonymous_13)
FN:103,(anonymous_14)
FN:108,(anonymous_15)
FNF:16
FNH:0
FNDA:0,(anonymous_0)
FNDA:0,(anonymous_1)
FNDA:0,(anonymous_2)
FNDA:0,(anonymous_3)
FNDA:0,(anonymous_4)
FNDA:0,(anonymous_5)
FNDA:0,(anonymous_6)
FNDA:0,(anonymous_7)
FNDA:0,(anonymous_8)
FNDA:0,(anonymous_9)
FNDA:0,(anonymous_10)
FNDA:0,(anonymous_11)
FNDA:0,(anonymous_12)
FNDA:0,(anonymous_13)
FNDA:0,(anonymous_14)
FNDA:0,(anonymous_15)
DA:3,0
DA:4,0
DA:9,0
DA:10,0
DA:11,0
DA:12,0
DA:16,0
DA:17,0
DA:18,0
DA:20,0
DA:21,0
DA:22,0
DA:23,0
DA:24,0
DA:26,0
DA:27,0
DA:31,0
DA:32,0
DA:35,0
DA:39,0
DA:40,0
DA:41,0
DA:42,0
DA:59,0
DA:60,0
DA:64,0
DA:65,0
DA:66,0
DA:67,0
DA:68,0
DA:69,0
DA:70,0
DA:71,0
DA:76,0
DA:77,0
DA:80,0
DA:81,0
DA:82,0
DA:83,0
DA:84,0
DA:85,0
DA:86,0
DA:87,0
DA:92,0
DA:93,0
DA:94,0
DA:95,0
DA:96,0
DA:97,0
DA:98,0
DA:104,0
DA:105,0
DA:108,0
DA:111,0
DA:112,0
DA:114,0
LF:56
LH:0
BRDA:15,0,0,0
BRDA:16,1,0,0
BRDA:16,1,1,0
BRDA:24,2,0,0
BRDA:24,2,1,0
BRDA:69,3,0,0
BRDA:69,3,1,0
BRDA:77,4,0,0
BRDA:77,4,1,0
BRDA:83,5,0,0
BRDA:83,5,1,0
BRDA:84,6,0,0
BRDA:84,6,1,0
BRDA:85,7,0,0
BRDA:85,7,1,0
BRDA:94,8,0,0
BRDA:94,8,1,0
BRDA:97,9,0,0
BRDA:97,9,1,0
BRDA:105,10,0,0
BRDA:105,10,1,0
BRDA:105,11,0,0
BRDA:105,11,1,0
BRDA:111,12,0,0
BRDA:111,12,1,0
BRDA:111,13,0,0
BRDA:111,13,1,0
BRF:27
BRH:0
end_of_record
TN:
SF:ml\cache.js
FN:8,(anonymous_0)
FN:14,(anonymous_1)
FN:26,(anonymous_2)
FN:35,(anonymous_3)
FN:45,(anonymous_4)
FN:46,(anonymous_5)
FN:47,(anonymous_6)
FN:49,(anonymous_7)
FNF:8
FNH:4
FNDA:5,(anonymous_0)
FNDA:3,(anonymous_1)
FNDA:8,(anonymous_2)
FNDA:2,(anonymous_3)
FNDA:0,(anonymous_4)
FNDA:0,(anonymous_5)
FNDA:0,(anonymous_6)
FNDA:0,(anonymous_7)
DA:3,1
DA:4,1
DA:9,5
DA:10,5
DA:11,5
DA:15,3
DA:16,3
DA:17,3
DA:18,1
DA:19,1
DA:21,2
DA:22,2
DA:23,2
DA:27,8
DA:28,8
DA:29,8
DA:30,1
DA:31,1
DA:36,2
DA:37,1
DA:38,1
DA:39,0
DA:40,0
DA:42,1
DA:45,0
DA:46,0
DA:47,0
DA:50,0
DA:51,0
DA:52,0
DA:57,1
DA:59,1
DA:60,1
DA:62,0
LF:34
LH:25
BRDA:8,0,0,1
BRDA:8,1,0,1
BRDA:15,2,0,0
BRDA:15,2,1,3
BRDA:17,3,0,1
BRDA:17,3,1,2
BRDA:27,4,0,0
BRDA:27,4,1,8
BRDA:29,5,0,1
BRDA:29,5,1,7
BRDA:36,6,0,1
BRDA:36,6,1,1
BRDA:38,7,0,0
BRDA:38,7,1,1
BRDA:52,8,0,0
BRDA:52,8,1,0
BRDA:59,9,0,1
BRDA:59,9,1,0
BRDA:59,10,0,1
BRDA:59,10,1,1
BRF:20
BRH:14
end_of_record
TN:
SF:ml\frameExtractor.js
FN:6,isSizeable
FN:13,drawToCanvas
FN:29,extractFromImage
FN:42,extractFrameFromVideo
FN:55,watchVideo
FN:57,(anonymous_5)
FN:62,(anonymous_6)
FN:67,(anonymous_7)
FNF:8
FNH:4
FNDA:5,isSizeable
FNDA:2,drawToCanvas
FNDA:1,extractFromImage
FNDA:2,extractFrameFromVideo
FNDA:0,watchVideo
FNDA:0,(anonymous_5)
FNDA:0,(anonymous_6)
FNDA:0,(anonymous_7)
DA:3,1
DA:7,5
DA:8,5
DA:9,5
DA:15,2
DA:16,2
DA:17,2
DA:19,0
DA:20,0
DA:21,0
DA:22,0
DA:24,2
DA:25,2
DA:30,1
DA:31,1
DA:32,1
DA:33,1
DA:34,1
DA:35,1
DA:37,0
DA:43,2
DA:44,2
DA:45,1
DA:46,1
DA:47,1
DA:48,1
DA:50,0
DA:56,0
DA:57,0
DA:58,0
DA:59,0
DA:60,0
DA:62,0
DA:63,0
DA:64,0
DA:65,0
DA:67,0
DA:68,0
DA:69,0
DA:70,0
DA:73,0
DA:74,0
DA:75,0
DA:76,0
DA:77,0
DA:80,1
DA:81,1
DA:83,0
LF:48
LH:23
BRDA:7,0,0,5
BRDA:7,0,1,2
BRDA:7,0,2,0
BRDA:7,0,3,0
BRDA:8,1,0,5
BRDA:8,1,1,2
BRDA:8,1,2,0
BRDA:8,1,3,0
BRDA:9,2,0,5
BRDA:9,2,1,4
BRDA:15,3,0,2
BRDA:15,3,1,0
BRDA:30,4,0,0
BRDA:30,4,1,1
BRDA:31,5,0,1
BRDA:31,5,1,0
BRDA:32,6,0,1
BRDA:32,6,1,0
BRDA:33,7,0,1
BRDA:33,7,1,0
BRDA:43,8,0,0
BRDA:43,8,1,2
BRDA:44,9,0,1
BRDA:44,9,1,1
BRDA:55,10,0,0
BRDA:58,11,0,0
BRDA:58,11,1,0
BRDA:58,12,0,0
BRDA:58,12,1,0
BRDA:60,13,0,0
BRDA:60,13,1,0
BRDA:63,14,0,0
BRDA:63,14,1,0
BRDA:68,15,0,0
BRDA:68,15,1,0
BRDA:76,16,0,0
BRDA:76,16,1,0
BRDA:80,17,0,1
BRDA:80,17,1,0
BRDA:80,18,0,1
BRDA:80,18,1,1
BRF:41
BRH:17
end_of_record
TN:
SF:ml\nsfwDetector.js
FN:12,getModelUrl
FN:20,loadModel
FN:24,(anonymous_2)
FN:40,setSensitivity
FN:45,preprocessImageData
FN:46,(anonymous_5)
FN:57,classify
FN:72,(anonymous_7)
FN:75,(anonymous_8)
FN:79,isNSFW
FN:94,detectNSFW
FN:100,_reset
FNF:12
FNH:11
FNDA:1,getModelUrl
FNDA:1,loadModel
FNDA:1,(anonymous_2)
FNDA:1,setSensitivity
FNDA:1,preprocessImageData
FNDA:1,(anonymous_5)
FNDA:1,classify
FNDA:5,(anonymous_7)
FNDA:7,(anonymous_8)
FNDA:2,isNSFW
FNDA:0,detectNSFW
FNDA:3,_reset
DA:3,1
DA:4,1
DA:5,1
DA:7,1
DA:8,1
DA:9,1
DA:13,1
DA:14,1
DA:16,0
DA:21,1
DA:22,1
DA:24,1
DA:25,1
DA:26,1
DA:27,1
DA:28,1
DA:30,0
DA:32,1
DA:33,1
DA:36,1
DA:41,1
DA:46,1
DA:47,1
DA:58,1
DA:59,1
DA:62,1
DA:63,1
DA:64,1
DA:65,1
DA:67,1
DA:69,1
DA:72,5
DA:75,7
DA:80,2
DA:81,2
DA:82,2
DA:83,2
DA:84,2
DA:85,2
DA:86,2
DA:90,0
DA:95,0
DA:96,0
DA:97,0
DA:101,3
DA:102,3
DA:103,3
DA:106,1
DA:107,1
DA:109,0
LF:50
LH:43
BRDA:13,0,0,1
BRDA:13,0,1,0
BRDA:13,1,0,1
BRDA:13,1,1,1
BRDA:13,1,2,1
BRDA:21,2,0,0
BRDA:21,2,1,1
BRDA:22,3,0,0
BRDA:22,3,1,1
BRDA:26,4,0,0
BRDA:26,4,1,1
BRDA:27,5,0,1
BRDA:27,5,1,0
BRDA:27,6,0,1
BRDA:27,6,1,1
BRDA:27,6,2,1
BRDA:41,7,0,1
BRDA:41,7,1,0
BRDA:45,8,0,1
BRDA:64,9,0,0
BRDA:64,9,1,1
BRDA:67,10,0,1
BRDA:67,10,1,0
BRDA:80,11,0,2
BRDA:80,11,1,0
BRDA:83,12,0,2
BRDA:83,12,1,0
BRDA:85,13,0,2
BRDA:85,13,1,0
BRDA:106,14,0,1
BRDA:106,14,1,0
BRDA:106,15,0,1
BRDA:106,15,1,1
BRF:33
BRH:21
end_of_record
